2024-03-21 11:09:00,921 [ERROR] LogOutputStream:75 - [STDERR_REDIRECT] 
2024-03-21 16:47:50,009 [INFO] Activator:176 - 


2024-03-21 16:47:50,012 [INFO] Activator:177 - !SESSION log4j initialized
2024-03-21 16:47:57,227 [INFO] LogOutputStream:77 - [STDOUT_REDIRECT] 
2024-03-21 16:47:58,625 [INFO] ApplicationProperties:184 - Using Application install path: C:\ST\STM32CubeIDE_1.13.2\STM32CubeIDE\plugins\com.st.stm32cube.common.mx_6.10.0.202311202037
2024-03-21 16:47:58,651 [INFO] DbMcusXml:78 - Set database path to: C:\ST\STM32CubeIDE_1.13.2\STM32CubeIDE\plugins\com.st.stm32cube.common.mx_6.10.0.202311202037\\db\/mcu/
2024-03-21 16:47:58,651 [INFO] ApiDb:274 - Set plugin database path to: C:\ST\STM32CubeIDE_1.13.2\STM32CubeIDE\plugins\com.st.stm32cube.common.mx_6.10.0.202311202037\\db\/plugins/boardmanager/
2024-03-21 16:47:58,652 [WARN] ApiDb:259 - Overriding images path with different value:  => C:\ST\STM32CubeIDE_1.13.2\STM32CubeIDE\plugins\com.st.stm32cube.common.mx_6.10.0.202311202037\\db\/plugins/mcufinder/images/
2024-03-21 16:47:58,663 [INFO] ApiDb:250 - Set database path to: C:\Users\emper\.stmcufinder\plugins\mcufinder//mcu/
2024-03-21 16:47:58,664 [INFO] DbMcusAds:125 - Set database path to: C:\Users\emper\.stmcufinder\plugins\mcufinder//mcu/
2024-03-21 16:47:58,666 [INFO] CrossReferenceDbSqlite:203 - Set database path to: C:\Users\emper\.stmcufinder\plugins\mcufinder//mcu/cs/
2024-03-21 16:47:58,799 [INFO] RulesReader:64 - Compatibility file has been processed (297 Rules)
2024-03-21 16:47:58,906 [INFO] DbMcusXml:78 - Set database path to: C:\ST\STM32CubeIDE_1.13.2\STM32CubeIDE\plugins\com.st.stm32cube.common.mx_6.10.0.202311202037\\db\/mcu/
2024-03-21 16:47:58,907 [INFO] ApiDb:274 - Set plugin database path to: C:\ST\STM32CubeIDE_1.13.2\STM32CubeIDE\plugins\com.st.stm32cube.common.mx_6.10.0.202311202037\\db\/plugins/boardmanager/
2024-03-21 16:47:58,907 [INFO] ApiDb:261 - Set plugin images path to: C:\ST\STM32CubeIDE_1.13.2\STM32CubeIDE\plugins\com.st.stm32cube.common.mx_6.10.0.202311202037\\db\/plugins/mcufinder/images/
2024-03-21 16:47:58,907 [WARN] DbFile:41 - Overriding database path with different value: C:\Users\emper\.stmcufinder\plugins\mcufinder/ => C:\Users\emper\.stmcufinder\plugins\mcufinder
2024-03-21 16:47:58,907 [INFO] ApiDb:250 - Set database path to: C:\Users\emper\.stmcufinder\plugins\mcufinder//mcu/
2024-03-21 16:47:58,907 [WARN] DbFile:41 - Overriding database path with different value: C:\Users\emper\.stmcufinder\plugins\mcufinder/ => C:\Users\emper\.stmcufinder\plugins\mcufinder
2024-03-21 16:47:58,907 [INFO] DbMcusAds:125 - Set database path to: C:\Users\emper\.stmcufinder\plugins\mcufinder//mcu/
2024-03-21 16:47:58,907 [WARN] DbFile:41 - Overriding database path with different value: C:\Users\emper\.stmcufinder\plugins\mcufinder/ => C:\Users\emper\.stmcufinder\plugins\mcufinder
2024-03-21 16:47:58,908 [WARN] DbFile:41 - Overriding database path with different value: C:\Users\emper\.stmcufinder\plugins\mcufinder/ => C:\Users\emper\.stmcufinder\plugins\mcufinder
2024-03-21 16:47:58,908 [INFO] CrossReferenceDbSqlite:203 - Set database path to: C:\Users\emper\.stmcufinder\plugins\mcufinder//mcu/cs/
2024-03-21 16:47:59,007 [INFO] MainPanel:264 - HeapMemory: 268435456
2024-03-21 16:47:59,126 [INFO] DbMcusXml:78 - Set database path to: C:\ST\STM32CubeIDE_1.13.2\STM32CubeIDE\plugins\com.st.stm32cube.common.mx_6.10.0.202311202037\\db\/mcu/
2024-03-21 16:47:59,126 [INFO] ApiDb:274 - Set plugin database path to: C:\ST\STM32CubeIDE_1.13.2\STM32CubeIDE\plugins\com.st.stm32cube.common.mx_6.10.0.202311202037\\db\/plugins/boardmanager/
2024-03-21 16:47:59,126 [INFO] ApiDb:261 - Set plugin images path to: C:\ST\STM32CubeIDE_1.13.2\STM32CubeIDE\plugins\com.st.stm32cube.common.mx_6.10.0.202311202037\\db\/plugins/mcufinder/images/
2024-03-21 16:47:59,127 [WARN] DbFile:41 - Overriding database path with different value: C:\Users\emper\.stmcufinder\plugins\mcufinder/ => C:\Users\emper\.stmcufinder\plugins\mcufinder
2024-03-21 16:47:59,127 [INFO] ApiDb:250 - Set database path to: C:\Users\emper\.stmcufinder\plugins\mcufinder//mcu/
2024-03-21 16:47:59,127 [WARN] DbFile:41 - Overriding database path with different value: C:\Users\emper\.stmcufinder\plugins\mcufinder/ => C:\Users\emper\.stmcufinder\plugins\mcufinder
2024-03-21 16:47:59,127 [INFO] DbMcusAds:125 - Set database path to: C:\Users\emper\.stmcufinder\plugins\mcufinder//mcu/
2024-03-21 16:47:59,127 [WARN] DbFile:41 - Overriding database path with different value: C:\Users\emper\.stmcufinder\plugins\mcufinder/ => C:\Users\emper\.stmcufinder\plugins\mcufinder
2024-03-21 16:47:59,127 [WARN] DbFile:41 - Overriding database path with different value: C:\Users\emper\.stmcufinder\plugins\mcufinder/ => C:\Users\emper\.stmcufinder\plugins\mcufinder
2024-03-21 16:47:59,127 [INFO] CrossReferenceDbSqlite:203 - Set database path to: C:\Users\emper\.stmcufinder\plugins\mcufinder//mcu/cs/
2024-03-21 16:47:59,151 [INFO] ApplicationProperties:184 - Using Application install path: C:\ST\STM32CubeIDE_1.13.2\STM32CubeIDE\plugins\com.st.stm32cube.common.mx_6.10.0.202311202037
2024-03-21 16:47:59,152 [INFO] PluginManage:196 - Search for loadable plugins [exclusion list=, ]
2024-03-21 16:47:59,153 [INFO] PluginManage:310 - Check plugin analytics
2024-03-21 16:47:59,321 [INFO] AnalyticsPlugin:253 - Accepted Software Licenses: 
2024-03-21 16:47:59,321 [INFO] AnalyticsPlugin:255 - Accepted CMSIS Pack Licenses: ARM.CMSIS-DSP.1.15.0,ARM.CMSIS.6.0.0
2024-03-21 16:47:59,321 [INFO] AnalyticsPlugin:257 - Accepted Firmware Licenses: FW.G4.1.5.0
2024-03-21 16:47:59,328 [INFO] PluginManage:359 - Loaded plugin analytics (category:tool,tabindex:-1)
2024-03-21 16:47:59,329 [INFO] PluginManage:310 - Check plugin cadmodel
2024-03-21 16:47:59,357 [INFO] CADModel:105 - Init CAD model plugin
2024-03-21 16:47:59,357 [INFO] PluginManage:359 - Loaded plugin cadmodel (category:power,tabindex:5)
2024-03-21 16:47:59,358 [INFO] PluginManage:310 - Check plugin clock
2024-03-21 16:47:59,398 [INFO] PluginManage:359 - Loaded plugin clock (category:base,tabindex:2)
2024-03-21 16:47:59,398 [INFO] PluginManage:310 - Check plugin ddr
2024-03-21 16:47:59,404 [INFO] PluginManage:359 - Loaded plugin ddr (category:tool,tabindex:6)
2024-03-21 16:47:59,404 [INFO] PluginManage:310 - Check plugin filemanager
2024-03-21 16:47:59,713 [INFO] PluginManage:359 - Loaded plugin filemanager (category:base,tabindex:10)
2024-03-21 16:47:59,713 [INFO] PluginManage:310 - Check plugin ipmanager
2024-03-21 16:47:59,734 [INFO] PluginManage:359 - Loaded plugin ipmanager (category:base,tabindex:5)
2024-03-21 16:47:59,735 [INFO] PluginManage:310 - Check plugin lpbam
2024-03-21 16:47:59,768 [INFO] PluginManage:359 - Loaded plugin lpbam (category:base,tabindex:0)
2024-03-21 16:47:59,768 [INFO] PluginManage:310 - Check plugin memorymap
2024-03-21 16:47:59,814 [INFO] PluginManage:359 - Loaded plugin memorymap (category:base,tabindex:4)
2024-03-21 16:47:59,814 [INFO] PluginManage:310 - Check plugin pinoutandconfiguration
2024-03-21 16:47:59,842 [INFO] PluginManage:359 - Loaded plugin pinoutandconfiguration (category:base,tabindex:1)
2024-03-21 16:47:59,842 [INFO] PluginManage:310 - Check plugin pinoutconfig
2024-03-21 16:48:00,005 [WARN] SupportedApi:132 - Cannot load RTOS API schema: s4s-elt-must-match.1: The content of 'definitions' must match (annotation?, (simpleType | complexType)?, (unique | key | keyref)*)). A problem was found starting at: attribute.
2024-03-21 16:48:00,187 [INFO] PluginManage:359 - Loaded plugin pinoutconfig (category:base,tabindex:0)
2024-03-21 16:48:00,187 [INFO] PluginManage:310 - Check plugin power
2024-03-21 16:48:00,204 [INFO] PluginManage:359 - Loaded plugin power (category:power,tabindex:4)
2024-03-21 16:48:00,204 [INFO] PluginManage:310 - Check plugin projectmanager
2024-03-21 16:48:00,219 [INFO] PluginManage:359 - Loaded plugin projectmanager (category:projectmanager,tabindex:3)
2024-03-21 16:48:00,219 [INFO] PluginManage:310 - Check plugin thirdparty
2024-03-21 16:48:00,466 [INFO] PluginManage:359 - Loaded plugin thirdparty (category:base,tabindex:-1)
2024-03-21 16:48:00,467 [INFO] PluginManage:310 - Check plugin tools
2024-03-21 16:48:00,466 [WARN] IntegrityCheckThread:84 - waiting for thirdparty lock release [integrity check]
2024-03-21 16:48:00,467 [INFO] IntegrityCheckThread:86 - entering critical section [integrity check]
2024-03-21 16:48:00,467 [INFO] ThirdPartyUpdaterWithRetryManager:70 - Updater plugin not ready yet. [1/15]
2024-03-21 16:48:00,492 [INFO] PluginManage:359 - Loaded plugin tools (category:base,tabindex:7)
2024-03-21 16:48:00,492 [INFO] PluginManage:310 - Check plugin tutovideos
2024-03-21 16:48:00,671 [INFO] PluginManage:359 - Loaded plugin tutovideos (category:base,tabindex:-1)
2024-03-21 16:48:00,671 [INFO] PluginManage:310 - Check plugin updater
2024-03-21 16:48:00,684 [INFO] PluginManage:359 - Loaded plugin updater (category:base,tabindex:12)
2024-03-21 16:48:00,684 [INFO] PluginManage:310 - Check plugin userauth
2024-03-21 16:48:00,692 [INFO] UserAuth:114 - Init User Auth plugin
2024-03-21 16:48:00,692 [INFO] PluginManage:359 - Loaded plugin userauth (category:base,tabindex:14)
2024-03-21 16:48:00,692 [INFO] PluginManage:283 - PluginManage : Loaded plugins [17]
2024-03-21 16:48:00,967 [INFO] PinOutPanel:1499 - setPackage(No Configuration,No Configuration)
2024-03-21 16:48:01,085 [INFO] CADModel:165 - CPN selected for project level
2024-03-21 16:48:01,085 [INFO] CADModel:114 - Register for checkConnection events
2024-03-21 16:48:01,128 [INFO] IPUIPlugin:80 - create IPUIPlugin
2024-03-21 16:48:01,128 [INFO] PluginManager:220 - loadIPPluginJar : add adc
2024-03-21 16:48:01,173 [INFO] IPUIPlugin:80 - create IPUIPlugin
2024-03-21 16:48:01,174 [INFO] PluginManager:220 - loadIPPluginJar : add aes
2024-03-21 16:48:01,213 [INFO] IPUIPlugin:80 - create IPUIPlugin
2024-03-21 16:48:01,214 [INFO] PluginManager:220 - loadIPPluginJar : add can
2024-03-21 16:48:01,240 [INFO] IPUIPlugin:80 - create IPUIPlugin
2024-03-21 16:48:01,240 [INFO] PluginManager:220 - loadIPPluginJar : add comp
2024-03-21 16:48:01,275 [INFO] IPUIPlugin:80 - create IPUIPlugin
2024-03-21 16:48:01,276 [INFO] PluginManager:220 - loadIPPluginJar : add cryp
2024-03-21 16:48:01,308 [INFO] IPUIPlugin:80 - create IPUIPlugin
2024-03-21 16:48:01,308 [INFO] PluginManager:220 - loadIPPluginJar : add dfsdm
2024-03-21 16:48:01,321 [INFO] IPUIPlugin:80 - create IPUIPlugin
2024-03-21 16:48:01,321 [INFO] PluginManager:220 - loadIPPluginJar : add dma
2024-03-21 16:48:01,363 [INFO] IPUIPlugin:80 - create IPUIPlugin
2024-03-21 16:48:01,363 [INFO] PluginManager:220 - loadIPPluginJar : add dma3
2024-03-21 16:48:01,384 [INFO] IPUIPlugin:80 - create IPUIPlugin
2024-03-21 16:48:01,384 [INFO] PluginManager:220 - loadIPPluginJar : add fatfs
2024-03-21 16:48:01,426 [INFO] IPUIPlugin:80 - create IPUIPlugin
2024-03-21 16:48:01,426 [INFO] PluginManager:220 - loadIPPluginJar : add fmc
2024-03-21 16:48:01,443 [INFO] IPUIPlugin:80 - create IPUIPlugin
2024-03-21 16:48:01,444 [INFO] PluginManager:220 - loadIPPluginJar : add freertos
2024-03-21 16:48:01,461 [INFO] IPUIPlugin:80 - create IPUIPlugin
2024-03-21 16:48:01,461 [INFO] PluginManager:220 - loadIPPluginJar : add genericplugin
2024-03-21 16:48:01,548 [INFO] IPUIPlugin:80 - create IPUIPlugin
2024-03-21 16:48:01,548 [INFO] PluginManager:220 - loadIPPluginJar : add gfxmmu
2024-03-21 16:48:01,663 [INFO] IPUIPlugin:80 - create IPUIPlugin
2024-03-21 16:48:01,663 [INFO] PluginManager:220 - loadIPPluginJar : add gic
2024-03-21 16:48:01,676 [INFO] IPUIPlugin:80 - create IPUIPlugin
2024-03-21 16:48:01,676 [INFO] PluginManager:220 - loadIPPluginJar : add gpio
2024-03-21 16:48:01,761 [INFO] IPUIPlugin:80 - create IPUIPlugin
2024-03-21 16:48:01,761 [INFO] PluginManager:220 - loadIPPluginJar : add gtzc
2024-03-21 16:48:01,795 [INFO] IPUIPlugin:80 - create IPUIPlugin
2024-03-21 16:48:01,795 [INFO] PluginManager:220 - loadIPPluginJar : add hash
2024-03-21 16:48:01,849 [INFO] IPUIPlugin:80 - create IPUIPlugin
2024-03-21 16:48:01,849 [INFO] PluginManager:220 - loadIPPluginJar : add i2c
2024-03-21 16:48:01,888 [INFO] IPUIPlugin:80 - create IPUIPlugin
2024-03-21 16:48:01,888 [INFO] PluginManager:220 - loadIPPluginJar : add i2s
2024-03-21 16:48:01,925 [INFO] IPUIPlugin:80 - create IPUIPlugin
2024-03-21 16:48:01,926 [INFO] PluginManager:220 - loadIPPluginJar : add i3c
2024-03-21 16:48:02,012 [INFO] IPUIPlugin:80 - create IPUIPlugin
2024-03-21 16:48:02,013 [INFO] PluginManager:220 - loadIPPluginJar : add ipddr
2024-03-21 16:48:02,105 [INFO] IPUIPlugin:80 - create IPUIPlugin
2024-03-21 16:48:02,105 [INFO] PluginManager:220 - loadIPPluginJar : add linkedlist
2024-03-21 16:48:02,142 [INFO] IPUIPlugin:80 - create IPUIPlugin
2024-03-21 16:48:02,142 [INFO] PluginManager:220 - loadIPPluginJar : add lorawan
2024-03-21 16:48:02,174 [INFO] IPUIPlugin:80 - create IPUIPlugin
2024-03-21 16:48:02,175 [INFO] PluginManager:220 - loadIPPluginJar : add ltdc
2024-03-21 16:48:02,189 [INFO] IPUIPlugin:80 - create IPUIPlugin
2024-03-21 16:48:02,189 [INFO] PluginManager:220 - loadIPPluginJar : add mdma
2024-03-21 16:48:02,201 [INFO] IPUIPlugin:80 - create IPUIPlugin
2024-03-21 16:48:02,201 [INFO] PluginManager:220 - loadIPPluginJar : add nvic
2024-03-21 16:48:02,233 [INFO] IPUIPlugin:80 - create IPUIPlugin
2024-03-21 16:48:02,233 [INFO] PluginManager:220 - loadIPPluginJar : add opamp
2024-03-21 16:48:02,288 [INFO] IPUIPlugin:80 - create IPUIPlugin
2024-03-21 16:48:02,288 [INFO] PluginManager:220 - loadIPPluginJar : add openamp
2024-03-21 16:48:02,324 [INFO] IPUIPlugin:80 - create IPUIPlugin
2024-03-21 16:48:02,325 [INFO] PluginManager:220 - loadIPPluginJar : add pdm2pcm
2024-03-21 16:48:02,340 [INFO] IPUIPlugin:80 - create IPUIPlugin
2024-03-21 16:48:02,343 [INFO] PluginManager:220 - loadIPPluginJar : add plateformsettings
2024-03-21 16:48:02,365 [INFO] IPUIPlugin:80 - create IPUIPlugin
2024-03-21 16:48:02,366 [INFO] PluginManager:220 - loadIPPluginJar : add quadspi
2024-03-21 16:48:02,381 [INFO] IPUIPlugin:80 - create IPUIPlugin
2024-03-21 16:48:02,381 [INFO] PluginManager:220 - loadIPPluginJar : add resmgrutility
2024-03-21 16:48:02,426 [INFO] IPUIPlugin:80 - create IPUIPlugin
2024-03-21 16:48:02,426 [INFO] PluginManager:220 - loadIPPluginJar : add sai
2024-03-21 16:48:02,460 [INFO] IPUIPlugin:80 - create IPUIPlugin
2024-03-21 16:48:02,460 [INFO] PluginManager:220 - loadIPPluginJar : add spi
2024-03-21 16:48:02,521 [INFO] IPUIPlugin:80 - create IPUIPlugin
2024-03-21 16:48:02,521 [INFO] PluginManager:220 - loadIPPluginJar : add stm32_wpan
2024-03-21 16:48:02,543 [INFO] IPUIPlugin:80 - create IPUIPlugin
2024-03-21 16:48:02,543 [INFO] PluginManager:220 - loadIPPluginJar : add tim
2024-03-21 16:48:02,597 [INFO] IPUIPlugin:80 - create IPUIPlugin
2024-03-21 16:48:02,597 [INFO] PluginManager:220 - loadIPPluginJar : add touchsensing
2024-03-21 16:48:02,619 [INFO] IPUIPlugin:80 - create IPUIPlugin
2024-03-21 16:48:02,619 [INFO] PluginManager:220 - loadIPPluginJar : add tracer_emb
2024-03-21 16:48:02,643 [INFO] IPUIPlugin:80 - create IPUIPlugin
2024-03-21 16:48:02,643 [INFO] PluginManager:220 - loadIPPluginJar : add ts
2024-03-21 16:48:02,663 [INFO] IPUIPlugin:80 - create IPUIPlugin
2024-03-21 16:48:02,664 [INFO] PluginManager:220 - loadIPPluginJar : add tsc
2024-03-21 16:48:02,680 [INFO] IPUIPlugin:80 - create IPUIPlugin
2024-03-21 16:48:02,681 [INFO] PluginManager:220 - loadIPPluginJar : add ucpd
2024-03-21 16:48:02,714 [INFO] IPUIPlugin:80 - create IPUIPlugin
2024-03-21 16:48:02,714 [INFO] PluginManager:220 - loadIPPluginJar : add usart
2024-03-21 16:48:02,752 [INFO] IPUIPlugin:80 - create IPUIPlugin
2024-03-21 16:48:02,753 [INFO] PluginManager:220 - loadIPPluginJar : add usbx
2024-03-21 16:48:02,888 [INFO] CADModel:165 - CPN selected for project level
2024-03-21 16:48:02,889 [INFO] CADModel:114 - Register for checkConnection events
2024-03-21 16:48:02,889 [FATAL] Updater:308 - Updater called before beeing initialized
2024-03-21 16:48:02,889 [ERROR] CADModel:125 - Updater not yet initialized, retry later 
2024-03-21 16:48:03,044 [INFO] CADModel:165 - CPN selected for project level
2024-03-21 16:48:03,045 [INFO] CADModel:114 - Register for checkConnection events
2024-03-21 16:48:03,045 [FATAL] Updater:308 - Updater called before beeing initialized
2024-03-21 16:48:03,045 [ERROR] CADModel:125 - Updater not yet initialized, retry later 
2024-03-21 16:48:03,047 [FATAL] Updater:308 - Updater called before beeing initialized
2024-03-21 16:48:03,172 [FATAL] Updater:308 - Updater called before beeing initialized
2024-03-21 16:48:03,195 [INFO] DbMcusAds:53 - JSON generation date=Wed Nov 29 17:52:27 ICT 2023 (1701255147349)
2024-03-21 16:48:03,195 [FATAL] Updater:308 - Updater called before beeing initialized
2024-03-21 16:48:03,298 [WARN] DetailPanel:346 - Failed to get advertising image, set to default
2024-03-21 16:48:03,399 [FATAL] Updater:308 - Updater called before beeing initialized
2024-03-21 16:48:03,401 [FATAL] Updater:308 - Updater called before beeing initialized
2024-03-21 16:48:03,401 [FATAL] Updater:308 - Updater called before beeing initialized
2024-03-21 16:48:03,401 [WARN] DetailPanel:346 - Failed to get advertising image, set to default
2024-03-21 16:48:03,402 [FATAL] Updater:308 - Updater called before beeing initialized
2024-03-21 16:48:03,453 [ERROR] Updater:1120 - MainUpdater not yet initialized. External WinMGr cannot be set.
2024-03-21 16:48:03,462 [INFO] Updater:1056 - Updater Version found : 6.10.0
2024-03-21 16:48:03,469 [INFO] ThirdPartyUpdaterWithRetryManager:70 - Updater plugin not ready yet. [2/15]
2024-03-21 16:48:03,476 [INFO] ApplicationProperties:184 - Using Application install path: C:\ST\STM32CubeIDE_1.13.2\STM32CubeIDE\plugins\com.st.stm32cube.common.mx_6.10.0.202311202037
2024-03-21 16:48:05,059 [ERROR] LogOutputStream:75 - [STDERR_REDIRECT] Mar 21, 2024 4:48:05 PM java.util.prefs.WindowsPreferences <init>
2024-03-21 16:48:05,059 [ERROR] LogOutputStream:75 - [STDERR_REDIRECT] WARNING: Could not open/create prefs root node Software\JavaSoft\Prefs at root 0xffffffff80000002. Windows RegCreateKeyEx(...) returned error code 5.
2024-03-21 16:48:05,059 [ERROR] LogOutputStream:75 - [STDERR_REDIRECT] 
2024-03-21 16:48:06,469 [FATAL] Updater:308 - Updater called before beeing initialized
2024-03-21 16:48:06,469 [ERROR] IntegrityCheckThread:130 - Cannot retrieve database content from updater: error 21
2024-03-21 16:48:06,469 [INFO] ThirdParty:978 - Integrity check success = false
2024-03-21 16:48:06,469 [INFO] IntegrityCheckThread:100 - exiting critical section [integrity check]
2024-03-21 16:48:06,470 [INFO] IntegrityCheckThread:103 - End integrity checks thread
2024-03-21 16:48:06,869 [INFO] MainUpdater:2873 - connection check result : 10
2024-03-21 16:48:06,869 [INFO] MainUpdater:290 - Updater Check For Update Now.
2024-03-21 16:48:06,870 [INFO] MicroXplorer:498 - Change Database Version : DB.6.0.100
2024-03-21 16:48:06,888 [INFO] McuFinderGlobals:63 - Set McuFinder mode to 2 (CubeIDE integrated)
2024-03-21 16:48:06,904 [INFO] UserAuth:404 - Internet connection configuration mode: 1
2024-03-21 16:48:06,933 [INFO] JxBrowserEngine:152 - Initiate JxBrowser Engine with user profile folder
2024-03-21 16:48:07,070 [INFO] CheckServerUpdateThread:120 - End of CheckServer Thread
2024-03-21 16:48:09,428 [INFO] WebApp:161 - Instantiating new browser for Auth
2024-03-21 16:48:09,993 [INFO] WebApp:780 - Register for checkConnection events
2024-03-21 16:48:09,993 [INFO] WebApp:414 - Apply proxy settings
2024-03-21 16:48:09,993 [INFO] WebApp:499 - Chromium requires no authentication
2024-03-21 16:48:10,001 [INFO] WebApp:442 - Direct internet connection detected
2024-03-21 16:48:10,146 [INFO] WebApp:192 - Starting web application
2024-03-21 16:48:10,147 [INFO] WebApp:544 - Web application path used C:\ST\STM32CubeIDE_1.13.2\STM32CubeIDE\plugins\com.st.stm32cube.common.mx_6.10.0.202311202037\db\plugins\mcufinder\reactClient1\index.html
2024-03-21 16:48:31,338 [ERROR] LogOutputStream:75 - [STDERR_REDIRECT] SLF4J: Failed to load class "org.slf4j.impl.StaticLoggerBinder".
2024-03-21 16:48:31,339 [ERROR] LogOutputStream:75 - [STDERR_REDIRECT] SLF4J: Defaulting to no-operation (NOP) logger implementation
2024-03-21 16:48:31,339 [ERROR] LogOutputStream:75 - [STDERR_REDIRECT] SLF4J: See http://www.slf4j.org/codes.html#StaticLoggerBinder for further details.
2024-03-21 21:43:25,118 [ERROR] LogOutputStream:75 - [STDERR_REDIRECT] 
