2024-03-26 19:08:12,425 [INFO] Activator:176 - 


2024-03-26 19:08:12,431 [INFO] Activator:177 - !SESSION log4j initialized
2024-03-26 19:08:19,387 [INFO] LogOutputStream:77 - [STDOUT_REDIRECT] 
2024-03-26 19:08:20,378 [INFO] ApplicationProperties:184 - Using Application install path: C:\ST\STM32CubeIDE_1.13.2\STM32CubeIDE\plugins\com.st.stm32cube.common.mx_6.10.0.202311202037
2024-03-26 19:08:20,396 [INFO] DbMcusXml:78 - Set database path to: C:\ST\STM32CubeIDE_1.13.2\STM32CubeIDE\plugins\com.st.stm32cube.common.mx_6.10.0.202311202037\\db\/mcu/
2024-03-26 19:08:20,396 [INFO] ApiDb:274 - Set plugin database path to: C:\ST\STM32CubeIDE_1.13.2\STM32CubeIDE\plugins\com.st.stm32cube.common.mx_6.10.0.202311202037\\db\/plugins/boardmanager/
2024-03-26 19:08:20,397 [WARN] ApiDb:259 - Overriding images path with different value:  => C:\ST\STM32CubeIDE_1.13.2\STM32CubeIDE\plugins\com.st.stm32cube.common.mx_6.10.0.202311202037\\db\/plugins/mcufinder/images/
2024-03-26 19:08:20,407 [INFO] ApiDb:250 - Set database path to: C:\Users\emper\.stmcufinder\plugins\mcufinder//mcu/
2024-03-26 19:08:20,408 [INFO] DbMcusAds:125 - Set database path to: C:\Users\emper\.stmcufinder\plugins\mcufinder//mcu/
2024-03-26 19:08:20,410 [INFO] CrossReferenceDbSqlite:203 - Set database path to: C:\Users\emper\.stmcufinder\plugins\mcufinder//mcu/cs/
2024-03-26 19:08:20,508 [INFO] RulesReader:64 - Compatibility file has been processed (297 Rules)
2024-03-26 19:08:20,595 [INFO] DbMcusXml:78 - Set database path to: C:\ST\STM32CubeIDE_1.13.2\STM32CubeIDE\plugins\com.st.stm32cube.common.mx_6.10.0.202311202037\\db\/mcu/
2024-03-26 19:08:20,595 [INFO] ApiDb:274 - Set plugin database path to: C:\ST\STM32CubeIDE_1.13.2\STM32CubeIDE\plugins\com.st.stm32cube.common.mx_6.10.0.202311202037\\db\/plugins/boardmanager/
2024-03-26 19:08:20,595 [INFO] ApiDb:261 - Set plugin images path to: C:\ST\STM32CubeIDE_1.13.2\STM32CubeIDE\plugins\com.st.stm32cube.common.mx_6.10.0.202311202037\\db\/plugins/mcufinder/images/
2024-03-26 19:08:20,595 [WARN] DbFile:41 - Overriding database path with different value: C:\Users\emper\.stmcufinder\plugins\mcufinder/ => C:\Users\emper\.stmcufinder\plugins\mcufinder
2024-03-26 19:08:20,595 [INFO] ApiDb:250 - Set database path to: C:\Users\emper\.stmcufinder\plugins\mcufinder//mcu/
2024-03-26 19:08:20,595 [WARN] DbFile:41 - Overriding database path with different value: C:\Users\emper\.stmcufinder\plugins\mcufinder/ => C:\Users\emper\.stmcufinder\plugins\mcufinder
2024-03-26 19:08:20,595 [INFO] DbMcusAds:125 - Set database path to: C:\Users\emper\.stmcufinder\plugins\mcufinder//mcu/
2024-03-26 19:08:20,595 [WARN] DbFile:41 - Overriding database path with different value: C:\Users\emper\.stmcufinder\plugins\mcufinder/ => C:\Users\emper\.stmcufinder\plugins\mcufinder
2024-03-26 19:08:20,596 [WARN] DbFile:41 - Overriding database path with different value: C:\Users\emper\.stmcufinder\plugins\mcufinder/ => C:\Users\emper\.stmcufinder\plugins\mcufinder
2024-03-26 19:08:20,596 [INFO] CrossReferenceDbSqlite:203 - Set database path to: C:\Users\emper\.stmcufinder\plugins\mcufinder//mcu/cs/
2024-03-26 19:08:20,668 [INFO] MainPanel:264 - HeapMemory: 268435456
2024-03-26 19:08:20,750 [INFO] DbMcusXml:78 - Set database path to: C:\ST\STM32CubeIDE_1.13.2\STM32CubeIDE\plugins\com.st.stm32cube.common.mx_6.10.0.202311202037\\db\/mcu/
2024-03-26 19:08:20,750 [INFO] ApiDb:274 - Set plugin database path to: C:\ST\STM32CubeIDE_1.13.2\STM32CubeIDE\plugins\com.st.stm32cube.common.mx_6.10.0.202311202037\\db\/plugins/boardmanager/
2024-03-26 19:08:20,750 [INFO] ApiDb:261 - Set plugin images path to: C:\ST\STM32CubeIDE_1.13.2\STM32CubeIDE\plugins\com.st.stm32cube.common.mx_6.10.0.202311202037\\db\/plugins/mcufinder/images/
2024-03-26 19:08:20,750 [WARN] DbFile:41 - Overriding database path with different value: C:\Users\emper\.stmcufinder\plugins\mcufinder/ => C:\Users\emper\.stmcufinder\plugins\mcufinder
2024-03-26 19:08:20,750 [INFO] ApiDb:250 - Set database path to: C:\Users\emper\.stmcufinder\plugins\mcufinder//mcu/
2024-03-26 19:08:20,750 [WARN] DbFile:41 - Overriding database path with different value: C:\Users\emper\.stmcufinder\plugins\mcufinder/ => C:\Users\emper\.stmcufinder\plugins\mcufinder
2024-03-26 19:08:20,750 [INFO] DbMcusAds:125 - Set database path to: C:\Users\emper\.stmcufinder\plugins\mcufinder//mcu/
2024-03-26 19:08:20,750 [WARN] DbFile:41 - Overriding database path with different value: C:\Users\emper\.stmcufinder\plugins\mcufinder/ => C:\Users\emper\.stmcufinder\plugins\mcufinder
2024-03-26 19:08:20,750 [WARN] DbFile:41 - Overriding database path with different value: C:\Users\emper\.stmcufinder\plugins\mcufinder/ => C:\Users\emper\.stmcufinder\plugins\mcufinder
2024-03-26 19:08:20,750 [INFO] CrossReferenceDbSqlite:203 - Set database path to: C:\Users\emper\.stmcufinder\plugins\mcufinder//mcu/cs/
2024-03-26 19:08:20,767 [INFO] ApplicationProperties:184 - Using Application install path: C:\ST\STM32CubeIDE_1.13.2\STM32CubeIDE\plugins\com.st.stm32cube.common.mx_6.10.0.202311202037
2024-03-26 19:08:20,769 [INFO] PluginManage:196 - Search for loadable plugins [exclusion list=, ]
2024-03-26 19:08:20,770 [INFO] PluginManage:310 - Check plugin analytics
2024-03-26 19:08:20,888 [INFO] AnalyticsPlugin:253 - Accepted Software Licenses: 
2024-03-26 19:08:20,888 [INFO] AnalyticsPlugin:255 - Accepted CMSIS Pack Licenses: ARM.CMSIS-DSP.1.15.0,ARM.CMSIS.6.0.0
2024-03-26 19:08:20,889 [INFO] AnalyticsPlugin:257 - Accepted Firmware Licenses: FW.G4.1.5.0
2024-03-26 19:08:20,891 [INFO] PluginManage:359 - Loaded plugin analytics (category:tool,tabindex:-1)
2024-03-26 19:08:20,891 [INFO] PluginManage:310 - Check plugin cadmodel
2024-03-26 19:08:20,904 [INFO] CADModel:105 - Init CAD model plugin
2024-03-26 19:08:20,905 [INFO] PluginManage:359 - Loaded plugin cadmodel (category:power,tabindex:5)
2024-03-26 19:08:20,905 [INFO] PluginManage:310 - Check plugin clock
2024-03-26 19:08:20,924 [INFO] PluginManage:359 - Loaded plugin clock (category:base,tabindex:2)
2024-03-26 19:08:20,924 [INFO] PluginManage:310 - Check plugin ddr
2024-03-26 19:08:20,926 [INFO] PluginManage:359 - Loaded plugin ddr (category:tool,tabindex:6)
2024-03-26 19:08:20,926 [INFO] PluginManage:310 - Check plugin filemanager
2024-03-26 19:08:21,038 [INFO] PluginManage:359 - Loaded plugin filemanager (category:base,tabindex:10)
2024-03-26 19:08:21,038 [INFO] PluginManage:310 - Check plugin ipmanager
2024-03-26 19:08:21,046 [INFO] PluginManage:359 - Loaded plugin ipmanager (category:base,tabindex:5)
2024-03-26 19:08:21,046 [INFO] PluginManage:310 - Check plugin lpbam
2024-03-26 19:08:21,062 [INFO] PluginManage:359 - Loaded plugin lpbam (category:base,tabindex:0)
2024-03-26 19:08:21,062 [INFO] PluginManage:310 - Check plugin memorymap
2024-03-26 19:08:21,082 [INFO] PluginManage:359 - Loaded plugin memorymap (category:base,tabindex:4)
2024-03-26 19:08:21,083 [INFO] PluginManage:310 - Check plugin pinoutandconfiguration
2024-03-26 19:08:21,096 [INFO] PluginManage:359 - Loaded plugin pinoutandconfiguration (category:base,tabindex:1)
2024-03-26 19:08:21,098 [INFO] PluginManage:310 - Check plugin pinoutconfig
2024-03-26 19:08:21,173 [WARN] SupportedApi:132 - Cannot load RTOS API schema: s4s-elt-must-match.1: The content of 'definitions' must match (annotation?, (simpleType | complexType)?, (unique | key | keyref)*)). A problem was found starting at: attribute.
2024-03-26 19:08:21,285 [INFO] PluginManage:359 - Loaded plugin pinoutconfig (category:base,tabindex:0)
2024-03-26 19:08:21,285 [INFO] PluginManage:310 - Check plugin power
2024-03-26 19:08:21,303 [INFO] PluginManage:359 - Loaded plugin power (category:power,tabindex:4)
2024-03-26 19:08:21,304 [INFO] PluginManage:310 - Check plugin projectmanager
2024-03-26 19:08:21,319 [INFO] PluginManage:359 - Loaded plugin projectmanager (category:projectmanager,tabindex:3)
2024-03-26 19:08:21,319 [INFO] PluginManage:310 - Check plugin thirdparty
2024-03-26 19:08:21,556 [INFO] PluginManage:359 - Loaded plugin thirdparty (category:base,tabindex:-1)
2024-03-26 19:08:21,556 [WARN] IntegrityCheckThread:84 - waiting for thirdparty lock release [integrity check]
2024-03-26 19:08:21,556 [INFO] PluginManage:310 - Check plugin tools
2024-03-26 19:08:21,556 [INFO] IntegrityCheckThread:86 - entering critical section [integrity check]
2024-03-26 19:08:21,556 [INFO] ThirdPartyUpdaterWithRetryManager:70 - Updater plugin not ready yet. [1/15]
2024-03-26 19:08:21,581 [INFO] PluginManage:359 - Loaded plugin tools (category:base,tabindex:7)
2024-03-26 19:08:21,581 [INFO] PluginManage:310 - Check plugin tutovideos
2024-03-26 19:08:21,755 [INFO] PluginManage:359 - Loaded plugin tutovideos (category:base,tabindex:-1)
2024-03-26 19:08:21,755 [INFO] PluginManage:310 - Check plugin updater
2024-03-26 19:08:21,766 [INFO] PluginManage:359 - Loaded plugin updater (category:base,tabindex:12)
2024-03-26 19:08:21,766 [INFO] PluginManage:310 - Check plugin userauth
2024-03-26 19:08:21,777 [INFO] UserAuth:114 - Init User Auth plugin
2024-03-26 19:08:21,777 [INFO] PluginManage:359 - Loaded plugin userauth (category:base,tabindex:14)
2024-03-26 19:08:21,778 [INFO] PluginManage:283 - PluginManage : Loaded plugins [17]
2024-03-26 19:08:21,968 [INFO] PinOutPanel:1499 - setPackage(No Configuration,No Configuration)
2024-03-26 19:08:22,036 [INFO] CADModel:165 - CPN selected for project level
2024-03-26 19:08:22,037 [INFO] CADModel:114 - Register for checkConnection events
2024-03-26 19:08:22,062 [INFO] IPUIPlugin:80 - create IPUIPlugin
2024-03-26 19:08:22,062 [INFO] PluginManager:220 - loadIPPluginJar : add adc
2024-03-26 19:08:22,086 [INFO] IPUIPlugin:80 - create IPUIPlugin
2024-03-26 19:08:22,087 [INFO] PluginManager:220 - loadIPPluginJar : add aes
2024-03-26 19:08:22,114 [INFO] IPUIPlugin:80 - create IPUIPlugin
2024-03-26 19:08:22,114 [INFO] PluginManager:220 - loadIPPluginJar : add can
2024-03-26 19:08:22,131 [INFO] IPUIPlugin:80 - create IPUIPlugin
2024-03-26 19:08:22,132 [INFO] PluginManager:220 - loadIPPluginJar : add comp
2024-03-26 19:08:22,154 [INFO] IPUIPlugin:80 - create IPUIPlugin
2024-03-26 19:08:22,154 [INFO] PluginManager:220 - loadIPPluginJar : add cryp
2024-03-26 19:08:22,176 [INFO] IPUIPlugin:80 - create IPUIPlugin
2024-03-26 19:08:22,176 [INFO] PluginManager:220 - loadIPPluginJar : add dfsdm
2024-03-26 19:08:22,189 [INFO] IPUIPlugin:80 - create IPUIPlugin
2024-03-26 19:08:22,189 [INFO] PluginManager:220 - loadIPPluginJar : add dma
2024-03-26 19:08:22,217 [INFO] IPUIPlugin:80 - create IPUIPlugin
2024-03-26 19:08:22,217 [INFO] PluginManager:220 - loadIPPluginJar : add dma3
2024-03-26 19:08:22,232 [INFO] IPUIPlugin:80 - create IPUIPlugin
2024-03-26 19:08:22,232 [INFO] PluginManager:220 - loadIPPluginJar : add fatfs
2024-03-26 19:08:22,266 [INFO] IPUIPlugin:80 - create IPUIPlugin
2024-03-26 19:08:22,267 [INFO] PluginManager:220 - loadIPPluginJar : add fmc
2024-03-26 19:08:22,281 [INFO] IPUIPlugin:80 - create IPUIPlugin
2024-03-26 19:08:22,281 [INFO] PluginManager:220 - loadIPPluginJar : add freertos
2024-03-26 19:08:22,296 [INFO] IPUIPlugin:80 - create IPUIPlugin
2024-03-26 19:08:22,296 [INFO] PluginManager:220 - loadIPPluginJar : add genericplugin
2024-03-26 19:08:22,366 [INFO] IPUIPlugin:80 - create IPUIPlugin
2024-03-26 19:08:22,366 [INFO] PluginManager:220 - loadIPPluginJar : add gfxmmu
2024-03-26 19:08:22,465 [INFO] IPUIPlugin:80 - create IPUIPlugin
2024-03-26 19:08:22,466 [INFO] PluginManager:220 - loadIPPluginJar : add gic
2024-03-26 19:08:22,477 [INFO] IPUIPlugin:80 - create IPUIPlugin
2024-03-26 19:08:22,477 [INFO] PluginManager:220 - loadIPPluginJar : add gpio
2024-03-26 19:08:22,539 [INFO] IPUIPlugin:80 - create IPUIPlugin
2024-03-26 19:08:22,539 [INFO] PluginManager:220 - loadIPPluginJar : add gtzc
2024-03-26 19:08:22,561 [INFO] IPUIPlugin:80 - create IPUIPlugin
2024-03-26 19:08:22,561 [INFO] PluginManager:220 - loadIPPluginJar : add hash
2024-03-26 19:08:22,597 [INFO] IPUIPlugin:80 - create IPUIPlugin
2024-03-26 19:08:22,597 [INFO] PluginManager:220 - loadIPPluginJar : add i2c
2024-03-26 19:08:22,623 [INFO] IPUIPlugin:80 - create IPUIPlugin
2024-03-26 19:08:22,623 [INFO] PluginManager:220 - loadIPPluginJar : add i2s
2024-03-26 19:08:22,650 [INFO] IPUIPlugin:80 - create IPUIPlugin
2024-03-26 19:08:22,651 [INFO] PluginManager:220 - loadIPPluginJar : add i3c
2024-03-26 19:08:22,723 [INFO] IPUIPlugin:80 - create IPUIPlugin
2024-03-26 19:08:22,723 [INFO] PluginManager:220 - loadIPPluginJar : add ipddr
2024-03-26 19:08:22,781 [INFO] IPUIPlugin:80 - create IPUIPlugin
2024-03-26 19:08:22,781 [INFO] PluginManager:220 - loadIPPluginJar : add linkedlist
2024-03-26 19:08:22,805 [INFO] IPUIPlugin:80 - create IPUIPlugin
2024-03-26 19:08:22,806 [INFO] PluginManager:220 - loadIPPluginJar : add lorawan
2024-03-26 19:08:22,830 [INFO] IPUIPlugin:80 - create IPUIPlugin
2024-03-26 19:08:22,830 [INFO] PluginManager:220 - loadIPPluginJar : add ltdc
2024-03-26 19:08:22,843 [INFO] IPUIPlugin:80 - create IPUIPlugin
2024-03-26 19:08:22,843 [INFO] PluginManager:220 - loadIPPluginJar : add mdma
2024-03-26 19:08:22,853 [INFO] IPUIPlugin:80 - create IPUIPlugin
2024-03-26 19:08:22,853 [INFO] PluginManager:220 - loadIPPluginJar : add nvic
2024-03-26 19:08:22,877 [INFO] IPUIPlugin:80 - create IPUIPlugin
2024-03-26 19:08:22,877 [INFO] PluginManager:220 - loadIPPluginJar : add opamp
2024-03-26 19:08:22,919 [INFO] IPUIPlugin:80 - create IPUIPlugin
2024-03-26 19:08:22,919 [INFO] PluginManager:220 - loadIPPluginJar : add openamp
2024-03-26 19:08:22,948 [INFO] IPUIPlugin:80 - create IPUIPlugin
2024-03-26 19:08:22,948 [INFO] PluginManager:220 - loadIPPluginJar : add pdm2pcm
2024-03-26 19:08:22,960 [INFO] IPUIPlugin:80 - create IPUIPlugin
2024-03-26 19:08:22,962 [INFO] PluginManager:220 - loadIPPluginJar : add plateformsettings
2024-03-26 19:08:22,978 [INFO] IPUIPlugin:80 - create IPUIPlugin
2024-03-26 19:08:22,978 [INFO] PluginManager:220 - loadIPPluginJar : add quadspi
2024-03-26 19:08:22,988 [INFO] IPUIPlugin:80 - create IPUIPlugin
2024-03-26 19:08:22,988 [INFO] PluginManager:220 - loadIPPluginJar : add resmgrutility
2024-03-26 19:08:23,023 [INFO] IPUIPlugin:80 - create IPUIPlugin
2024-03-26 19:08:23,023 [INFO] PluginManager:220 - loadIPPluginJar : add sai
2024-03-26 19:08:23,048 [INFO] IPUIPlugin:80 - create IPUIPlugin
2024-03-26 19:08:23,048 [INFO] PluginManager:220 - loadIPPluginJar : add spi
2024-03-26 19:08:23,095 [INFO] IPUIPlugin:80 - create IPUIPlugin
2024-03-26 19:08:23,095 [INFO] PluginManager:220 - loadIPPluginJar : add stm32_wpan
2024-03-26 19:08:23,111 [INFO] IPUIPlugin:80 - create IPUIPlugin
2024-03-26 19:08:23,111 [INFO] PluginManager:220 - loadIPPluginJar : add tim
2024-03-26 19:08:23,152 [INFO] IPUIPlugin:80 - create IPUIPlugin
2024-03-26 19:08:23,152 [INFO] PluginManager:220 - loadIPPluginJar : add touchsensing
2024-03-26 19:08:23,168 [INFO] IPUIPlugin:80 - create IPUIPlugin
2024-03-26 19:08:23,168 [INFO] PluginManager:220 - loadIPPluginJar : add tracer_emb
2024-03-26 19:08:23,185 [INFO] IPUIPlugin:80 - create IPUIPlugin
2024-03-26 19:08:23,185 [INFO] PluginManager:220 - loadIPPluginJar : add ts
2024-03-26 19:08:23,200 [INFO] IPUIPlugin:80 - create IPUIPlugin
2024-03-26 19:08:23,200 [INFO] PluginManager:220 - loadIPPluginJar : add tsc
2024-03-26 19:08:23,216 [INFO] IPUIPlugin:80 - create IPUIPlugin
2024-03-26 19:08:23,216 [INFO] PluginManager:220 - loadIPPluginJar : add ucpd
2024-03-26 19:08:23,247 [INFO] IPUIPlugin:80 - create IPUIPlugin
2024-03-26 19:08:23,247 [INFO] PluginManager:220 - loadIPPluginJar : add usart
2024-03-26 19:08:23,277 [INFO] IPUIPlugin:80 - create IPUIPlugin
2024-03-26 19:08:23,277 [INFO] PluginManager:220 - loadIPPluginJar : add usbx
2024-03-26 19:08:23,396 [INFO] CADModel:165 - CPN selected for project level
2024-03-26 19:08:23,396 [INFO] CADModel:114 - Register for checkConnection events
2024-03-26 19:08:23,396 [FATAL] Updater:308 - Updater called before beeing initialized
2024-03-26 19:08:23,396 [ERROR] CADModel:125 - Updater not yet initialized, retry later 
2024-03-26 19:08:23,529 [INFO] CADModel:165 - CPN selected for project level
2024-03-26 19:08:23,529 [INFO] CADModel:114 - Register for checkConnection events
2024-03-26 19:08:23,529 [FATAL] Updater:308 - Updater called before beeing initialized
2024-03-26 19:08:23,529 [ERROR] CADModel:125 - Updater not yet initialized, retry later 
2024-03-26 19:08:23,532 [FATAL] Updater:308 - Updater called before beeing initialized
2024-03-26 19:08:23,613 [FATAL] Updater:308 - Updater called before beeing initialized
2024-03-26 19:08:23,621 [INFO] DbMcusAds:53 - JSON generation date=Wed Nov 29 17:52:27 ICT 2023 (1701255147349)
2024-03-26 19:08:23,621 [FATAL] Updater:308 - Updater called before beeing initialized
2024-03-26 19:08:23,684 [WARN] DetailPanel:346 - Failed to get advertising image, set to default
2024-03-26 19:08:23,771 [FATAL] Updater:308 - Updater called before beeing initialized
2024-03-26 19:08:23,772 [FATAL] Updater:308 - Updater called before beeing initialized
2024-03-26 19:08:23,772 [FATAL] Updater:308 - Updater called before beeing initialized
2024-03-26 19:08:23,772 [WARN] DetailPanel:346 - Failed to get advertising image, set to default
2024-03-26 19:08:23,774 [FATAL] Updater:308 - Updater called before beeing initialized
2024-03-26 19:08:23,843 [ERROR] Updater:1120 - MainUpdater not yet initialized. External WinMGr cannot be set.
2024-03-26 19:08:23,852 [INFO] Updater:1056 - Updater Version found : 6.10.0
2024-03-26 19:08:23,868 [INFO] ApplicationProperties:184 - Using Application install path: C:\ST\STM32CubeIDE_1.13.2\STM32CubeIDE\plugins\com.st.stm32cube.common.mx_6.10.0.202311202037
2024-03-26 19:08:24,557 [INFO] ThirdPartyUpdaterWithRetryManager:70 - Updater plugin not ready yet. [2/15]
2024-03-26 19:08:25,447 [ERROR] LogOutputStream:75 - [STDERR_REDIRECT] Mar 26, 2024 7:08:25 PM java.util.prefs.WindowsPreferences <init>
2024-03-26 19:08:25,448 [ERROR] LogOutputStream:75 - [STDERR_REDIRECT] WARNING: Could not open/create prefs root node Software\JavaSoft\Prefs at root 0xffffffff80000002. Windows RegCreateKeyEx(...) returned error code 5.
2024-03-26 19:08:25,448 [ERROR] LogOutputStream:75 - [STDERR_REDIRECT] 
2024-03-26 19:08:26,322 [INFO] MainUpdater:2873 - connection check result : 10
2024-03-26 19:08:26,322 [INFO] MainUpdater:3567 - Updater definition file requires update
2024-03-26 19:08:26,323 [INFO] MainUpdater:290 - Updater Check For Update Now.
2024-03-26 19:08:26,323 [INFO] MicroXplorer:498 - Change Database Version : DB.6.0.100
2024-03-26 19:08:26,337 [INFO] McuFinderGlobals:63 - Set McuFinder mode to 2 (CubeIDE integrated)
2024-03-26 19:08:26,348 [INFO] UserAuth:404 - Internet connection configuration mode: 1
2024-03-26 19:08:26,369 [INFO] JxBrowserEngine:152 - Initiate JxBrowser Engine with user profile folder
2024-03-26 19:08:26,726 [INFO] ServerAccessManage:473 - Download File updaters.zip
2024-03-26 19:08:26,892 [INFO] FileExtend:240 - Unzip File : updaters.zip
2024-03-26 19:08:26,893 [INFO] FileExtend:255 - Standard Zip Deflate
2024-03-26 19:08:27,558 [WARN] MainUpdater:1194 - Updater busy. Cannot search thirdparties
2024-03-26 19:08:27,558 [INFO] ThirdPartyUpdaterWithRetryManager:96 - Updater plugin is busy. [1/15]
2024-03-26 19:08:27,575 [INFO] ServerAccessManage:473 - Download File PacksControlFlags.xml
2024-03-26 19:08:27,774 [INFO] ServerAccessManage:473 - Download File cubemx.pidx
2024-03-26 19:08:27,852 [INFO] LoadServerUpdatesThread:375 - End of LoadServerUpdate Thread
2024-03-26 19:08:28,013 [INFO] CheckServerUpdateThread:120 - End of CheckServer Thread
2024-03-26 19:08:29,430 [INFO] WebApp:161 - Instantiating new browser for Auth
2024-03-26 19:08:29,944 [INFO] WebApp:780 - Register for checkConnection events
2024-03-26 19:08:29,944 [INFO] WebApp:414 - Apply proxy settings
2024-03-26 19:08:29,944 [INFO] WebApp:499 - Chromium requires no authentication
2024-03-26 19:08:29,951 [INFO] WebApp:442 - Direct internet connection detected
2024-03-26 19:08:30,089 [INFO] WebApp:192 - Starting web application
2024-03-26 19:08:30,089 [INFO] WebApp:544 - Web application path used C:\ST\STM32CubeIDE_1.13.2\STM32CubeIDE\plugins\com.st.stm32cube.common.mx_6.10.0.202311202037\db\plugins\mcufinder\reactClient1\index.html
2024-03-26 19:08:30,763 [WARN] PackLoader:240 - Cannot read IP mode file for STMicroelectronics.X-CUBE-SMBUS.2.1.0
2024-03-26 19:08:30,777 [WARN] PackLoader:240 - Cannot read IP mode file for STMicroelectronics.X-CUBE-TOUCHGFX.4.23.0
2024-03-26 19:08:30,811 [WARN] PackLoader:240 - Cannot read IP mode file for STMicroelectronics.X-CUBE-AZRTOS-F7.1.1.0
2024-03-26 19:08:30,831 [WARN] PackLoader:240 - Cannot read IP mode file for STMicroelectronics.FP-SNS-MOTENV1.4.3.2
2024-03-26 19:08:30,850 [WARN] PackLoader:240 - Cannot read IP mode file for STMicroelectronics.FP-SNS-FLIGHT1.5.0.2
2024-03-26 19:08:30,867 [WARN] PackLoader:240 - Cannot read IP mode file for STMicroelectronics.X-CUBE-DISPLAY.3.0.0
2024-03-26 19:08:30,887 [WARN] PackLoader:240 - Cannot read IP mode file for STMicroelectronics.X-CUBE-BLE1.7.0.0
2024-03-26 19:08:30,901 [WARN] PackLoader:240 - Cannot read IP mode file for emotas.I-CUBE-CANOPEN.1.3.0
2024-03-26 19:08:30,913 [WARN] PackLoader:240 - Cannot read IP mode file for STMicroelectronics.X-CUBE-TOUCHGFX.4.22.1
2024-03-26 19:08:30,929 [WARN] PackLoader:240 - Cannot read IP mode file for STMicroelectronics.X-CUBE-BLEMGR.3.1.0
2024-03-26 19:08:30,943 [WARN] PackLoader:240 - Cannot read IP mode file for STMicroelectronics.FP-SNS-SMARTAG2.1.2.0
2024-03-26 19:08:30,960 [INFO] LogOutputStream:77 - [STDOUT_REDIRECT] 1 : Invalid condition id : UX_CORESTACK_Condition cause : null
2024-03-26 19:08:30,960 [INFO] LogOutputStream:77 - [STDOUT_REDIRECT] 1 : Invalid condition id : UX_CORESTACK_Condition cause : null
2024-03-26 19:08:30,961 [INFO] LogOutputStream:77 - [STDOUT_REDIRECT] 1 : Invalid condition id : UX_CORESTACK_Condition cause : null
2024-03-26 19:08:30,962 [INFO] LogOutputStream:77 - [STDOUT_REDIRECT] 1 : Invalid condition id : UX_CORESTACK_Condition cause : null
2024-03-26 19:08:30,963 [INFO] LogOutputStream:77 - [STDOUT_REDIRECT] 1 : Invalid condition id : UX_CORESTACK_Condition cause : null
2024-03-26 19:08:30,964 [WARN] PackLoader:240 - Cannot read IP mode file for STMicroelectronics.X-CUBE-AZRTOS-WL.2.0.0
2024-03-26 19:08:30,980 [WARN] PackLoader:240 - Cannot read IP mode file for WES.I-CUBE-Cesium.1.3.0
2024-03-26 19:08:30,993 [WARN] PackLoader:240 - Cannot read IP mode file for STMicroelectronics.X-CUBE-BLE2.3.3.0
2024-03-26 19:08:31,005 [WARN] PackLoader:240 - Cannot read IP mode file for STMicroelectronics.X-CUBE-ALGOBUILD.1.3.0
2024-03-26 19:08:31,029 [WARN] PackLoader:240 - Cannot read IP mode file for STMicroelectronics.X-CUBE-AZRTOS-G0.1.1.0
2024-03-26 19:08:31,046 [WARN] PackLoader:240 - Cannot read IP mode file for STMicroelectronics.X-CUBE-NFC4.3.0.0
2024-03-26 19:08:31,061 [WARN] PackLoader:240 - Cannot read IP mode file for STMicroelectronics.X-CUBE-BLEMGR.3.0.0
2024-03-26 19:08:31,076 [WARN] PackLoader:240 - Cannot read IP mode file for STMicroelectronics.FP-ATR-SIGFOX1.3.2.0
2024-03-26 19:08:31,090 [WARN] PackLoader:240 - Cannot read IP mode file for STMicroelectronics.X-CUBE-EEPRMA1.5.1.0
2024-03-26 19:08:31,131 [WARN] PackLoader:240 - Cannot read IP mode file for SEGGER.I-CUBE-embOS.1.3.1
2024-03-26 19:08:31,181 [WARN] PackLoader:240 - Cannot read IP mode file for STMicroelectronics.X-CUBE-GNSS1.6.0.0
2024-03-26 19:08:31,221 [WARN] PackLoader:240 - Cannot read IP mode file for STMicroelectronics.X-CUBE-AZRTOS-F4.1.1.0
2024-03-26 19:08:31,244 [WARN] PackLoader:240 - Cannot read IP mode file for wolfSSL.I-CUBE-wolfSSL.5.6.3
2024-03-26 19:08:31,263 [WARN] PackLoader:240 - Cannot read IP mode file for wolfSSL.I-CUBE-wolfSSL.5.6.6
2024-03-26 19:08:31,300 [WARN] PackLoader:240 - Cannot read IP mode file for STMicroelectronics.X-CUBE-AZRTOS-L5.2.0.0
2024-03-26 19:08:31,356 [WARN] PackLoader:240 - Cannot read IP mode file for STMicroelectronics.X-CUBE-MEMS1.9.6.0
2024-03-26 19:08:31,479 [WARN] PackLoader:240 - Cannot read IP mode file for STMicroelectronics.X-CUBE-EEPRMA1.4.2.0
2024-03-26 19:08:31,501 [WARN] PackLoader:240 - Cannot read IP mode file for STMicroelectronics.X-CUBE-NFC6.3.1.0
2024-03-26 19:08:31,522 [WARN] PackLoader:240 - Cannot read IP mode file for ITTIA_DB.I-CUBE-ITTIADB.8.8.0
2024-03-26 19:08:31,606 [WARN] PackLoader:240 - Cannot read IP mode file for STMicroelectronics.X-CUBE-BLEMGR.2.0.0
2024-03-26 19:08:31,645 [WARN] ConditionMgr:438 - getConditionDescription Invalid condition id : UX DEVICE CLASS RTOS Condition cause : null
2024-03-26 19:08:31,645 [WARN] ConditionMgr:438 - getConditionDescription Invalid condition id : UX DEVICE CLASS RTOS Condition cause : null
2024-03-26 19:08:31,648 [WARN] PackLoader:240 - Cannot read IP mode file for STMicroelectronics.X-CUBE-AZRTOS-H7.3.1.0
2024-03-26 19:08:31,650 [WARN] ConditionMgr:1039 - genDependencies : Invalid condition id : UX DEVICE CLASS RTOS Condition cause : null
2024-03-26 19:08:31,651 [WARN] ConditionMgr:1039 - genDependencies : Invalid condition id : UX DEVICE CLASS RTOS Condition cause : null
2024-03-26 19:08:31,652 [WARN] ConditionMgr:1039 - genDependencies : Invalid condition id : UX DEVICE CLASS RTOS Condition cause : null
2024-03-26 19:08:31,653 [WARN] ConditionMgr:1039 - genDependencies : Invalid condition id : UX DEVICE CLASS RTOS Condition cause : null
2024-03-26 19:08:31,653 [WARN] ConditionMgr:1039 - genDependencies : Invalid condition id : UX DEVICE CLASS RTOS Condition cause : null
2024-03-26 19:08:31,673 [WARN] PackLoader:240 - Cannot read IP mode file for STMicroelectronics.X-CUBE-NFC7.1.0.1
2024-03-26 19:08:31,692 [WARN] PackLoader:240 - Cannot read IP mode file for STMicroelectronics.X-CUBE-NFC6.3.0.0
2024-03-26 19:08:31,710 [WARN] PackLoader:240 - Cannot read IP mode file for STMicroelectronics.X-CUBE-EEPRMA1.4.1.0
2024-03-26 19:08:31,731 [WARN] PackLoader:240 - Cannot read IP mode file for STMicroelectronics.X-CUBE-AI.8.1.0
2024-03-26 19:08:31,764 [WARN] ConditionMgr:438 - getConditionDescription Invalid condition id : LAN8742 Phy interface Condition cause : null
2024-03-26 19:08:31,765 [WARN] PackLoader:240 - Cannot read IP mode file for STMicroelectronics.X-CUBE-AZRTOS-L4.2.0.0
2024-03-26 19:08:31,766 [WARN] ConditionMgr:1039 - genDependencies : Invalid condition id : LAN8742 Phy interface Condition cause : null
2024-03-26 19:08:31,767 [WARN] ConditionMgr:1039 - genDependencies : Invalid condition id : LAN8742 Phy interface Condition cause : null
2024-03-26 19:08:31,769 [WARN] ConditionMgr:1039 - genDependencies : Invalid condition id : LAN8742 Phy interface Condition cause : null
2024-03-26 19:08:31,860 [WARN] PackLoader:240 - Cannot read IP mode file for STMicroelectronics.X-CUBE-SFXS2LP1.4.0.0
2024-03-26 19:08:31,880 [WARN] PackLoader:240 - Cannot read IP mode file for STMicroelectronics.X-CUBE-ISPU.1.1.0
2024-03-26 19:08:31,914 [WARN] ConditionMgr:438 - getConditionDescription Invalid condition id : UX DEVICE CLASS RTOS Condition cause : null
2024-03-26 19:08:31,914 [WARN] ConditionMgr:438 - getConditionDescription Invalid condition id : UX DEVICE CLASS RTOS Condition cause : null
2024-03-26 19:08:31,917 [WARN] PackLoader:240 - Cannot read IP mode file for STMicroelectronics.X-CUBE-AZRTOS-WB.2.0.0
2024-03-26 19:08:31,918 [WARN] ConditionMgr:1039 - genDependencies : Invalid condition id : UX DEVICE CLASS RTOS Condition cause : null
2024-03-26 19:08:31,918 [WARN] ConditionMgr:1039 - genDependencies : Invalid condition id : UX DEVICE CLASS RTOS Condition cause : null
2024-03-26 19:08:31,919 [WARN] ConditionMgr:1039 - genDependencies : Invalid condition id : UX DEVICE CLASS RTOS Condition cause : null
2024-03-26 19:08:31,919 [WARN] ConditionMgr:1039 - genDependencies : Invalid condition id : UX DEVICE CLASS RTOS Condition cause : null
2024-03-26 19:08:31,919 [WARN] ConditionMgr:1039 - genDependencies : Invalid condition id : UX DEVICE CLASS RTOS Condition cause : null
2024-03-26 19:08:31,949 [WARN] PackLoader:240 - Cannot read IP mode file for STMicroelectronics.X-CUBE-SUBG2.5.0.0
2024-03-26 19:08:31,980 [WARN] PackLoader:240 - Cannot read IP mode file for STMicroelectronics.X-CUBE-TOF1.3.3.1
2024-03-26 19:08:32,026 [WARN] PackLoader:240 - Cannot read IP mode file for STMicroelectronics.X-CUBE-AZRTOS-G4.2.0.0
2024-03-26 19:08:32,060 [WARN] PackLoader:240 - Cannot read IP mode file for Infineon.AIROC-Wi-Fi-Bluetooth-STM32.1.5.1
2024-03-26 19:08:32,084 [WARN] PackLoader:240 - Cannot read IP mode file for STMicroelectronics.FP-SNS-MOTENVWB1.1.3.0
2024-03-26 19:08:32,103 [WARN] PackLoader:240 - Cannot read IP mode file for STMicroelectronics.FP-SNS-MOTENVWB1.1.3.1
2024-03-26 19:08:32,121 [WARN] PackLoader:240 - Cannot read IP mode file for STMicroelectronics.X-CUBE-ISPU.2.0.0
2024-03-26 19:08:32,184 [WARN] PackLoader:240 - Cannot read IP mode file for STMicroelectronics.X-CUBE-MEMS1.10.0.0
2024-03-26 19:08:32,303 [WARN] PackLoader:240 - Cannot read IP mode file for STMicroelectronics.X-CUBE-FREERTOS.1.1.0
2024-03-26 19:08:32,326 [WARN] PackLoader:240 - Cannot read IP mode file for portGmbH.I-Cube-SoM-uGOAL.1.1.0
2024-03-26 19:08:32,347 [WARN] PackLoader:240 - Cannot read IP mode file for STMicroelectronics.X-CUBE-ALS.1.0.1
2024-03-26 19:08:32,368 [WARN] PackLoader:240 - Cannot read IP mode file for STMicroelectronics.FP-ATR-ASTRA1.2.0.0
2024-03-26 19:08:32,395 [WARN] PackLoader:240 - Cannot read IP mode file for STMicroelectronics.X-CUBE-TOF1.3.4.0
2024-03-26 19:08:32,430 [WARN] PackLoader:240 - Cannot read IP mode file for STMicroelectronics.X-CUBE-TOF1.3.4.1
2024-03-26 19:08:32,474 [WARN] PackLoader:240 - Cannot read IP mode file for STMicroelectronics.X-CUBE-AZRTOS-H7.3.2.0
2024-03-26 19:08:32,479 [INFO] ThirdParty:978 - Integrity check success = true
2024-03-26 19:08:32,479 [INFO] IntegrityCheckThread:100 - exiting critical section [integrity check]
2024-03-26 19:08:32,479 [INFO] IntegrityCheckThread:103 - End integrity checks thread
2024-03-26 19:08:50,830 [ERROR] LogOutputStream:75 - [STDERR_REDIRECT] SLF4J: Failed to load class "org.slf4j.impl.StaticLoggerBinder".
2024-03-26 19:08:50,831 [ERROR] LogOutputStream:75 - [STDERR_REDIRECT] SLF4J: Defaulting to no-operation (NOP) logger implementation
2024-03-26 19:08:50,832 [ERROR] LogOutputStream:75 - [STDERR_REDIRECT] SLF4J: See http://www.slf4j.org/codes.html#StaticLoggerBinder for further details.
