2024-03-28 18:26:07,308 [INFO] Activator:176 - 


2024-03-28 18:26:07,314 [INFO] Activator:177 - !SESSION log4j initialized
2024-03-28 18:26:13,902 [INFO] LogOutputStream:77 - [STDOUT_REDIRECT] 
2024-03-28 18:26:14,768 [INFO] ApplicationProperties:184 - Using Application install path: C:\ST\STM32CubeIDE_1.13.2\STM32CubeIDE\plugins\com.st.stm32cube.common.mx_6.10.0.202311202037
2024-03-28 18:26:14,789 [INFO] DbMcusXml:78 - Set database path to: C:\ST\STM32CubeIDE_1.13.2\STM32CubeIDE\plugins\com.st.stm32cube.common.mx_6.10.0.202311202037\\db\/mcu/
2024-03-28 18:26:14,789 [INFO] ApiDb:274 - Set plugin database path to: C:\ST\STM32CubeIDE_1.13.2\STM32CubeIDE\plugins\com.st.stm32cube.common.mx_6.10.0.202311202037\\db\/plugins/boardmanager/
2024-03-28 18:26:14,790 [WARN] ApiDb:259 - Overriding images path with different value:  => C:\ST\STM32CubeIDE_1.13.2\STM32CubeIDE\plugins\com.st.stm32cube.common.mx_6.10.0.202311202037\\db\/plugins/mcufinder/images/
2024-03-28 18:26:14,803 [INFO] ApiDb:250 - Set database path to: C:\Users\emper\.stmcufinder\plugins\mcufinder//mcu/
2024-03-28 18:26:14,804 [INFO] DbMcusAds:125 - Set database path to: C:\Users\emper\.stmcufinder\plugins\mcufinder//mcu/
2024-03-28 18:26:14,806 [INFO] CrossReferenceDbSqlite:203 - Set database path to: C:\Users\emper\.stmcufinder\plugins\mcufinder//mcu/cs/
2024-03-28 18:26:14,913 [INFO] RulesReader:64 - Compatibility file has been processed (297 Rules)
2024-03-28 18:26:15,023 [INFO] DbMcusXml:78 - Set database path to: C:\ST\STM32CubeIDE_1.13.2\STM32CubeIDE\plugins\com.st.stm32cube.common.mx_6.10.0.202311202037\\db\/mcu/
2024-03-28 18:26:15,023 [INFO] ApiDb:274 - Set plugin database path to: C:\ST\STM32CubeIDE_1.13.2\STM32CubeIDE\plugins\com.st.stm32cube.common.mx_6.10.0.202311202037\\db\/plugins/boardmanager/
2024-03-28 18:26:15,023 [INFO] ApiDb:261 - Set plugin images path to: C:\ST\STM32CubeIDE_1.13.2\STM32CubeIDE\plugins\com.st.stm32cube.common.mx_6.10.0.202311202037\\db\/plugins/mcufinder/images/
2024-03-28 18:26:15,023 [WARN] DbFile:41 - Overriding database path with different value: C:\Users\emper\.stmcufinder\plugins\mcufinder/ => C:\Users\emper\.stmcufinder\plugins\mcufinder
2024-03-28 18:26:15,024 [INFO] ApiDb:250 - Set database path to: C:\Users\emper\.stmcufinder\plugins\mcufinder//mcu/
2024-03-28 18:26:15,024 [WARN] DbFile:41 - Overriding database path with different value: C:\Users\emper\.stmcufinder\plugins\mcufinder/ => C:\Users\emper\.stmcufinder\plugins\mcufinder
2024-03-28 18:26:15,024 [INFO] DbMcusAds:125 - Set database path to: C:\Users\emper\.stmcufinder\plugins\mcufinder//mcu/
2024-03-28 18:26:15,024 [WARN] DbFile:41 - Overriding database path with different value: C:\Users\emper\.stmcufinder\plugins\mcufinder/ => C:\Users\emper\.stmcufinder\plugins\mcufinder
2024-03-28 18:26:15,024 [WARN] DbFile:41 - Overriding database path with different value: C:\Users\emper\.stmcufinder\plugins\mcufinder/ => C:\Users\emper\.stmcufinder\plugins\mcufinder
2024-03-28 18:26:15,024 [INFO] CrossReferenceDbSqlite:203 - Set database path to: C:\Users\emper\.stmcufinder\plugins\mcufinder//mcu/cs/
2024-03-28 18:26:15,121 [INFO] MainPanel:264 - HeapMemory: 268435456
2024-03-28 18:26:15,230 [INFO] DbMcusXml:78 - Set database path to: C:\ST\STM32CubeIDE_1.13.2\STM32CubeIDE\plugins\com.st.stm32cube.common.mx_6.10.0.202311202037\\db\/mcu/
2024-03-28 18:26:15,230 [INFO] ApiDb:274 - Set plugin database path to: C:\ST\STM32CubeIDE_1.13.2\STM32CubeIDE\plugins\com.st.stm32cube.common.mx_6.10.0.202311202037\\db\/plugins/boardmanager/
2024-03-28 18:26:15,230 [INFO] ApiDb:261 - Set plugin images path to: C:\ST\STM32CubeIDE_1.13.2\STM32CubeIDE\plugins\com.st.stm32cube.common.mx_6.10.0.202311202037\\db\/plugins/mcufinder/images/
2024-03-28 18:26:15,231 [WARN] DbFile:41 - Overriding database path with different value: C:\Users\emper\.stmcufinder\plugins\mcufinder/ => C:\Users\emper\.stmcufinder\plugins\mcufinder
2024-03-28 18:26:15,231 [INFO] ApiDb:250 - Set database path to: C:\Users\emper\.stmcufinder\plugins\mcufinder//mcu/
2024-03-28 18:26:15,231 [WARN] DbFile:41 - Overriding database path with different value: C:\Users\emper\.stmcufinder\plugins\mcufinder/ => C:\Users\emper\.stmcufinder\plugins\mcufinder
2024-03-28 18:26:15,231 [INFO] DbMcusAds:125 - Set database path to: C:\Users\emper\.stmcufinder\plugins\mcufinder//mcu/
2024-03-28 18:26:15,231 [WARN] DbFile:41 - Overriding database path with different value: C:\Users\emper\.stmcufinder\plugins\mcufinder/ => C:\Users\emper\.stmcufinder\plugins\mcufinder
2024-03-28 18:26:15,231 [WARN] DbFile:41 - Overriding database path with different value: C:\Users\emper\.stmcufinder\plugins\mcufinder/ => C:\Users\emper\.stmcufinder\plugins\mcufinder
2024-03-28 18:26:15,231 [INFO] CrossReferenceDbSqlite:203 - Set database path to: C:\Users\emper\.stmcufinder\plugins\mcufinder//mcu/cs/
2024-03-28 18:26:15,258 [INFO] ApplicationProperties:184 - Using Application install path: C:\ST\STM32CubeIDE_1.13.2\STM32CubeIDE\plugins\com.st.stm32cube.common.mx_6.10.0.202311202037
2024-03-28 18:26:15,260 [INFO] PluginManage:196 - Search for loadable plugins [exclusion list=, ]
2024-03-28 18:26:15,261 [INFO] PluginManage:310 - Check plugin analytics
2024-03-28 18:26:15,450 [INFO] AnalyticsPlugin:253 - Accepted Software Licenses: 
2024-03-28 18:26:15,451 [INFO] AnalyticsPlugin:255 - Accepted CMSIS Pack Licenses: ARM.CMSIS-DSP.1.15.0,ARM.CMSIS.6.0.0
2024-03-28 18:26:15,451 [INFO] AnalyticsPlugin:257 - Accepted Firmware Licenses: FW.G4.1.5.0
2024-03-28 18:26:15,454 [INFO] PluginManage:359 - Loaded plugin analytics (category:tool,tabindex:-1)
2024-03-28 18:26:15,454 [INFO] PluginManage:310 - Check plugin cadmodel
2024-03-28 18:26:15,472 [INFO] CADModel:105 - Init CAD model plugin
2024-03-28 18:26:15,472 [INFO] PluginManage:359 - Loaded plugin cadmodel (category:power,tabindex:5)
2024-03-28 18:26:15,473 [INFO] PluginManage:310 - Check plugin clock
2024-03-28 18:26:15,506 [INFO] PluginManage:359 - Loaded plugin clock (category:base,tabindex:2)
2024-03-28 18:26:15,507 [INFO] PluginManage:310 - Check plugin ddr
2024-03-28 18:26:15,511 [INFO] PluginManage:359 - Loaded plugin ddr (category:tool,tabindex:6)
2024-03-28 18:26:15,511 [INFO] PluginManage:310 - Check plugin filemanager
2024-03-28 18:26:15,692 [INFO] PluginManage:359 - Loaded plugin filemanager (category:base,tabindex:10)
2024-03-28 18:26:15,692 [INFO] PluginManage:310 - Check plugin ipmanager
2024-03-28 18:26:15,703 [INFO] PluginManage:359 - Loaded plugin ipmanager (category:base,tabindex:5)
2024-03-28 18:26:15,703 [INFO] PluginManage:310 - Check plugin lpbam
2024-03-28 18:26:15,723 [INFO] PluginManage:359 - Loaded plugin lpbam (category:base,tabindex:0)
2024-03-28 18:26:15,723 [INFO] PluginManage:310 - Check plugin memorymap
2024-03-28 18:26:15,756 [INFO] PluginManage:359 - Loaded plugin memorymap (category:base,tabindex:4)
2024-03-28 18:26:15,756 [INFO] PluginManage:310 - Check plugin pinoutandconfiguration
2024-03-28 18:26:15,780 [INFO] PluginManage:359 - Loaded plugin pinoutandconfiguration (category:base,tabindex:1)
2024-03-28 18:26:15,780 [INFO] PluginManage:310 - Check plugin pinoutconfig
2024-03-28 18:26:15,887 [WARN] SupportedApi:132 - Cannot load RTOS API schema: s4s-elt-must-match.1: The content of 'definitions' must match (annotation?, (simpleType | complexType)?, (unique | key | keyref)*)). A problem was found starting at: attribute.
2024-03-28 18:26:16,061 [INFO] PluginManage:359 - Loaded plugin pinoutconfig (category:base,tabindex:0)
2024-03-28 18:26:16,062 [INFO] PluginManage:310 - Check plugin power
2024-03-28 18:26:16,088 [INFO] PluginManage:359 - Loaded plugin power (category:power,tabindex:4)
2024-03-28 18:26:16,088 [INFO] PluginManage:310 - Check plugin projectmanager
2024-03-28 18:26:16,111 [INFO] PluginManage:359 - Loaded plugin projectmanager (category:projectmanager,tabindex:3)
2024-03-28 18:26:16,111 [INFO] PluginManage:310 - Check plugin thirdparty
2024-03-28 18:26:16,462 [INFO] PluginManage:359 - Loaded plugin thirdparty (category:base,tabindex:-1)
2024-03-28 18:26:16,462 [WARN] IntegrityCheckThread:84 - waiting for thirdparty lock release [integrity check]
2024-03-28 18:26:16,463 [INFO] PluginManage:310 - Check plugin tools
2024-03-28 18:26:16,463 [INFO] IntegrityCheckThread:86 - entering critical section [integrity check]
2024-03-28 18:26:16,463 [INFO] ThirdPartyUpdaterWithRetryManager:70 - Updater plugin not ready yet. [1/15]
2024-03-28 18:26:16,508 [INFO] PluginManage:359 - Loaded plugin tools (category:base,tabindex:7)
2024-03-28 18:26:16,509 [INFO] PluginManage:310 - Check plugin tutovideos
2024-03-28 18:26:16,726 [INFO] PluginManage:359 - Loaded plugin tutovideos (category:base,tabindex:-1)
2024-03-28 18:26:16,726 [INFO] PluginManage:310 - Check plugin updater
2024-03-28 18:26:16,739 [INFO] PluginManage:359 - Loaded plugin updater (category:base,tabindex:12)
2024-03-28 18:26:16,739 [INFO] PluginManage:310 - Check plugin userauth
2024-03-28 18:26:16,746 [INFO] UserAuth:114 - Init User Auth plugin
2024-03-28 18:26:16,746 [INFO] PluginManage:359 - Loaded plugin userauth (category:base,tabindex:14)
2024-03-28 18:26:16,747 [INFO] PluginManage:283 - PluginManage : Loaded plugins [17]
2024-03-28 18:26:17,061 [INFO] PinOutPanel:1499 - setPackage(No Configuration,No Configuration)
2024-03-28 18:26:17,153 [INFO] CADModel:165 - CPN selected for project level
2024-03-28 18:26:17,153 [INFO] CADModel:114 - Register for checkConnection events
2024-03-28 18:26:17,196 [INFO] IPUIPlugin:80 - create IPUIPlugin
2024-03-28 18:26:17,196 [INFO] PluginManager:220 - loadIPPluginJar : add adc
2024-03-28 18:26:17,241 [INFO] IPUIPlugin:80 - create IPUIPlugin
2024-03-28 18:26:17,242 [INFO] PluginManager:220 - loadIPPluginJar : add aes
2024-03-28 18:26:17,295 [INFO] IPUIPlugin:80 - create IPUIPlugin
2024-03-28 18:26:17,295 [INFO] PluginManager:220 - loadIPPluginJar : add can
2024-03-28 18:26:17,325 [INFO] IPUIPlugin:80 - create IPUIPlugin
2024-03-28 18:26:17,325 [INFO] PluginManager:220 - loadIPPluginJar : add comp
2024-03-28 18:26:17,359 [INFO] IPUIPlugin:80 - create IPUIPlugin
2024-03-28 18:26:17,359 [INFO] PluginManager:220 - loadIPPluginJar : add cryp
2024-03-28 18:26:17,387 [INFO] IPUIPlugin:80 - create IPUIPlugin
2024-03-28 18:26:17,388 [INFO] PluginManager:220 - loadIPPluginJar : add dfsdm
2024-03-28 18:26:17,403 [INFO] IPUIPlugin:80 - create IPUIPlugin
2024-03-28 18:26:17,403 [INFO] PluginManager:220 - loadIPPluginJar : add dma
2024-03-28 18:26:17,445 [INFO] IPUIPlugin:80 - create IPUIPlugin
2024-03-28 18:26:17,445 [INFO] PluginManager:220 - loadIPPluginJar : add dma3
2024-03-28 18:26:17,466 [INFO] IPUIPlugin:80 - create IPUIPlugin
2024-03-28 18:26:17,466 [INFO] PluginManager:220 - loadIPPluginJar : add fatfs
2024-03-28 18:26:17,511 [INFO] IPUIPlugin:80 - create IPUIPlugin
2024-03-28 18:26:17,511 [INFO] PluginManager:220 - loadIPPluginJar : add fmc
2024-03-28 18:26:17,527 [INFO] IPUIPlugin:80 - create IPUIPlugin
2024-03-28 18:26:17,527 [INFO] PluginManager:220 - loadIPPluginJar : add freertos
2024-03-28 18:26:17,547 [INFO] IPUIPlugin:80 - create IPUIPlugin
2024-03-28 18:26:17,548 [INFO] PluginManager:220 - loadIPPluginJar : add genericplugin
2024-03-28 18:26:17,658 [INFO] IPUIPlugin:80 - create IPUIPlugin
2024-03-28 18:26:17,660 [INFO] PluginManager:220 - loadIPPluginJar : add gfxmmu
2024-03-28 18:26:17,789 [INFO] IPUIPlugin:80 - create IPUIPlugin
2024-03-28 18:26:17,790 [INFO] PluginManager:220 - loadIPPluginJar : add gic
2024-03-28 18:26:17,803 [INFO] IPUIPlugin:80 - create IPUIPlugin
2024-03-28 18:26:17,803 [INFO] PluginManager:220 - loadIPPluginJar : add gpio
2024-03-28 18:26:17,889 [INFO] IPUIPlugin:80 - create IPUIPlugin
2024-03-28 18:26:17,889 [INFO] PluginManager:220 - loadIPPluginJar : add gtzc
2024-03-28 18:26:17,920 [INFO] IPUIPlugin:80 - create IPUIPlugin
2024-03-28 18:26:17,920 [INFO] PluginManager:220 - loadIPPluginJar : add hash
2024-03-28 18:26:17,971 [INFO] IPUIPlugin:80 - create IPUIPlugin
2024-03-28 18:26:17,971 [INFO] PluginManager:220 - loadIPPluginJar : add i2c
2024-03-28 18:26:18,009 [INFO] IPUIPlugin:80 - create IPUIPlugin
2024-03-28 18:26:18,009 [INFO] PluginManager:220 - loadIPPluginJar : add i2s
2024-03-28 18:26:18,055 [INFO] IPUIPlugin:80 - create IPUIPlugin
2024-03-28 18:26:18,055 [INFO] PluginManager:220 - loadIPPluginJar : add i3c
2024-03-28 18:26:18,191 [INFO] IPUIPlugin:80 - create IPUIPlugin
2024-03-28 18:26:18,191 [INFO] PluginManager:220 - loadIPPluginJar : add ipddr
2024-03-28 18:26:18,282 [INFO] IPUIPlugin:80 - create IPUIPlugin
2024-03-28 18:26:18,283 [INFO] PluginManager:220 - loadIPPluginJar : add linkedlist
2024-03-28 18:26:18,319 [INFO] IPUIPlugin:80 - create IPUIPlugin
2024-03-28 18:26:18,319 [INFO] PluginManager:220 - loadIPPluginJar : add lorawan
2024-03-28 18:26:18,355 [INFO] IPUIPlugin:80 - create IPUIPlugin
2024-03-28 18:26:18,355 [INFO] PluginManager:220 - loadIPPluginJar : add ltdc
2024-03-28 18:26:18,372 [INFO] IPUIPlugin:80 - create IPUIPlugin
2024-03-28 18:26:18,372 [INFO] PluginManager:220 - loadIPPluginJar : add mdma
2024-03-28 18:26:18,389 [INFO] IPUIPlugin:80 - create IPUIPlugin
2024-03-28 18:26:18,389 [INFO] PluginManager:220 - loadIPPluginJar : add nvic
2024-03-28 18:26:18,442 [INFO] IPUIPlugin:80 - create IPUIPlugin
2024-03-28 18:26:18,442 [INFO] PluginManager:220 - loadIPPluginJar : add opamp
2024-03-28 18:26:18,514 [INFO] IPUIPlugin:80 - create IPUIPlugin
2024-03-28 18:26:18,514 [INFO] PluginManager:220 - loadIPPluginJar : add openamp
2024-03-28 18:26:18,568 [INFO] IPUIPlugin:80 - create IPUIPlugin
2024-03-28 18:26:18,568 [INFO] PluginManager:220 - loadIPPluginJar : add pdm2pcm
2024-03-28 18:26:18,584 [INFO] IPUIPlugin:80 - create IPUIPlugin
2024-03-28 18:26:18,587 [INFO] PluginManager:220 - loadIPPluginJar : add plateformsettings
2024-03-28 18:26:18,611 [INFO] IPUIPlugin:80 - create IPUIPlugin
2024-03-28 18:26:18,611 [INFO] PluginManager:220 - loadIPPluginJar : add quadspi
2024-03-28 18:26:18,626 [INFO] IPUIPlugin:80 - create IPUIPlugin
2024-03-28 18:26:18,626 [INFO] PluginManager:220 - loadIPPluginJar : add resmgrutility
2024-03-28 18:26:18,677 [INFO] IPUIPlugin:80 - create IPUIPlugin
2024-03-28 18:26:18,678 [INFO] PluginManager:220 - loadIPPluginJar : add sai
2024-03-28 18:26:18,714 [INFO] IPUIPlugin:80 - create IPUIPlugin
2024-03-28 18:26:18,715 [INFO] PluginManager:220 - loadIPPluginJar : add spi
2024-03-28 18:26:18,783 [INFO] IPUIPlugin:80 - create IPUIPlugin
2024-03-28 18:26:18,783 [INFO] PluginManager:220 - loadIPPluginJar : add stm32_wpan
2024-03-28 18:26:18,816 [INFO] IPUIPlugin:80 - create IPUIPlugin
2024-03-28 18:26:18,816 [INFO] PluginManager:220 - loadIPPluginJar : add tim
2024-03-28 18:26:18,900 [INFO] IPUIPlugin:80 - create IPUIPlugin
2024-03-28 18:26:18,900 [INFO] PluginManager:220 - loadIPPluginJar : add touchsensing
2024-03-28 18:26:18,942 [INFO] IPUIPlugin:80 - create IPUIPlugin
2024-03-28 18:26:18,942 [INFO] PluginManager:220 - loadIPPluginJar : add tracer_emb
2024-03-28 18:26:18,970 [INFO] IPUIPlugin:80 - create IPUIPlugin
2024-03-28 18:26:18,970 [INFO] PluginManager:220 - loadIPPluginJar : add ts
2024-03-28 18:26:18,996 [INFO] IPUIPlugin:80 - create IPUIPlugin
2024-03-28 18:26:18,996 [INFO] PluginManager:220 - loadIPPluginJar : add tsc
2024-03-28 18:26:19,024 [INFO] IPUIPlugin:80 - create IPUIPlugin
2024-03-28 18:26:19,024 [INFO] PluginManager:220 - loadIPPluginJar : add ucpd
2024-03-28 18:26:19,067 [INFO] IPUIPlugin:80 - create IPUIPlugin
2024-03-28 18:26:19,068 [INFO] PluginManager:220 - loadIPPluginJar : add usart
2024-03-28 18:26:19,110 [INFO] IPUIPlugin:80 - create IPUIPlugin
2024-03-28 18:26:19,111 [INFO] PluginManager:220 - loadIPPluginJar : add usbx
2024-03-28 18:26:19,244 [INFO] CADModel:165 - CPN selected for project level
2024-03-28 18:26:19,244 [INFO] CADModel:114 - Register for checkConnection events
2024-03-28 18:26:19,244 [FATAL] Updater:308 - Updater called before beeing initialized
2024-03-28 18:26:19,244 [ERROR] CADModel:125 - Updater not yet initialized, retry later 
2024-03-28 18:26:19,423 [INFO] CADModel:165 - CPN selected for project level
2024-03-28 18:26:19,423 [INFO] CADModel:114 - Register for checkConnection events
2024-03-28 18:26:19,423 [FATAL] Updater:308 - Updater called before beeing initialized
2024-03-28 18:26:19,423 [ERROR] CADModel:125 - Updater not yet initialized, retry later 
2024-03-28 18:26:19,428 [FATAL] Updater:308 - Updater called before beeing initialized
2024-03-28 18:26:19,464 [INFO] ThirdPartyUpdaterWithRetryManager:70 - Updater plugin not ready yet. [2/15]
2024-03-28 18:26:19,564 [FATAL] Updater:308 - Updater called before beeing initialized
2024-03-28 18:26:19,574 [INFO] DbMcusAds:53 - JSON generation date=Wed Nov 29 17:52:27 ICT 2023 (1701255147349)
2024-03-28 18:26:19,574 [FATAL] Updater:308 - Updater called before beeing initialized
2024-03-28 18:26:19,650 [WARN] DetailPanel:346 - Failed to get advertising image, set to default
2024-03-28 18:26:19,758 [FATAL] Updater:308 - Updater called before beeing initialized
2024-03-28 18:26:19,761 [FATAL] Updater:308 - Updater called before beeing initialized
2024-03-28 18:26:19,761 [FATAL] Updater:308 - Updater called before beeing initialized
2024-03-28 18:26:19,761 [WARN] DetailPanel:346 - Failed to get advertising image, set to default
2024-03-28 18:26:19,762 [FATAL] Updater:308 - Updater called before beeing initialized
2024-03-28 18:26:19,844 [ERROR] Updater:1120 - MainUpdater not yet initialized. External WinMGr cannot be set.
2024-03-28 18:26:19,854 [INFO] Updater:1056 - Updater Version found : 6.10.0
2024-03-28 18:26:19,873 [INFO] ApplicationProperties:184 - Using Application install path: C:\ST\STM32CubeIDE_1.13.2\STM32CubeIDE\plugins\com.st.stm32cube.common.mx_6.10.0.202311202037
2024-03-28 18:26:21,459 [ERROR] LogOutputStream:75 - [STDERR_REDIRECT] Mar 28, 2024 6:26:21 PM java.util.prefs.WindowsPreferences <init>
2024-03-28 18:26:21,461 [ERROR] LogOutputStream:75 - [STDERR_REDIRECT] WARNING: Could not open/create prefs root node Software\JavaSoft\Prefs at root 0xffffffff80000002. Windows RegCreateKeyEx(...) returned error code 5.
2024-03-28 18:26:21,461 [ERROR] LogOutputStream:75 - [STDERR_REDIRECT] 
2024-03-28 18:26:21,691 [INFO] MainUpdater:2873 - connection check result : 22
2024-03-28 18:26:21,692 [INFO] MainUpdater:290 - Updater Check For Update Now.
2024-03-28 18:26:21,692 [INFO] MicroXplorer:498 - Change Database Version : DB.6.0.100
2024-03-28 18:26:21,709 [INFO] McuFinderGlobals:63 - Set McuFinder mode to 2 (CubeIDE integrated)
2024-03-28 18:26:21,728 [INFO] UserAuth:404 - Internet connection configuration mode: 2
2024-03-28 18:26:21,891 [INFO] CheckServerUpdateThread:120 - End of CheckServer Thread
2024-03-28 18:26:22,704 [WARN] PackLoader:240 - Cannot read IP mode file for STMicroelectronics.X-CUBE-SMBUS.2.1.0
2024-03-28 18:26:22,720 [WARN] PackLoader:240 - Cannot read IP mode file for STMicroelectronics.X-CUBE-TOUCHGFX.4.23.0
2024-03-28 18:26:22,753 [WARN] PackLoader:240 - Cannot read IP mode file for STMicroelectronics.X-CUBE-AZRTOS-F7.1.1.0
2024-03-28 18:26:22,770 [WARN] PackLoader:240 - Cannot read IP mode file for STMicroelectronics.FP-SNS-MOTENV1.4.3.2
2024-03-28 18:26:22,784 [WARN] PackLoader:240 - Cannot read IP mode file for STMicroelectronics.FP-SNS-FLIGHT1.5.0.2
2024-03-28 18:26:22,799 [WARN] PackLoader:240 - Cannot read IP mode file for STMicroelectronics.X-CUBE-DISPLAY.3.0.0
2024-03-28 18:26:22,817 [WARN] PackLoader:240 - Cannot read IP mode file for STMicroelectronics.X-CUBE-BLE1.7.0.0
2024-03-28 18:26:22,830 [WARN] PackLoader:240 - Cannot read IP mode file for emotas.I-CUBE-CANOPEN.1.3.0
2024-03-28 18:26:22,842 [WARN] PackLoader:240 - Cannot read IP mode file for STMicroelectronics.X-CUBE-TOUCHGFX.4.22.1
2024-03-28 18:26:22,860 [WARN] PackLoader:240 - Cannot read IP mode file for STMicroelectronics.X-CUBE-BLEMGR.3.1.0
2024-03-28 18:26:22,874 [WARN] PackLoader:240 - Cannot read IP mode file for STMicroelectronics.FP-SNS-SMARTAG2.1.2.0
2024-03-28 18:26:22,897 [INFO] LogOutputStream:77 - [STDOUT_REDIRECT] 1 : Invalid condition id : UX_CORESTACK_Condition cause : null
2024-03-28 18:26:22,897 [INFO] LogOutputStream:77 - [STDOUT_REDIRECT] 1 : Invalid condition id : UX_CORESTACK_Condition cause : null
2024-03-28 18:26:22,899 [INFO] LogOutputStream:77 - [STDOUT_REDIRECT] 1 : Invalid condition id : UX_CORESTACK_Condition cause : null
2024-03-28 18:26:22,900 [INFO] LogOutputStream:77 - [STDOUT_REDIRECT] 1 : Invalid condition id : UX_CORESTACK_Condition cause : null
2024-03-28 18:26:22,901 [INFO] LogOutputStream:77 - [STDOUT_REDIRECT] 1 : Invalid condition id : UX_CORESTACK_Condition cause : null
2024-03-28 18:26:22,904 [WARN] PackLoader:240 - Cannot read IP mode file for STMicroelectronics.X-CUBE-AZRTOS-WL.2.0.0
2024-03-28 18:26:22,920 [WARN] PackLoader:240 - Cannot read IP mode file for WES.I-CUBE-Cesium.1.3.0
2024-03-28 18:26:22,931 [WARN] PackLoader:240 - Cannot read IP mode file for STMicroelectronics.X-CUBE-BLE2.3.3.0
2024-03-28 18:26:22,944 [WARN] PackLoader:240 - Cannot read IP mode file for STMicroelectronics.X-CUBE-ALGOBUILD.1.3.0
2024-03-28 18:26:22,968 [WARN] PackLoader:240 - Cannot read IP mode file for STMicroelectronics.X-CUBE-AZRTOS-G0.1.1.0
2024-03-28 18:26:22,982 [WARN] PackLoader:240 - Cannot read IP mode file for STMicroelectronics.X-CUBE-NFC4.3.0.0
2024-03-28 18:26:23,001 [WARN] PackLoader:240 - Cannot read IP mode file for STMicroelectronics.X-CUBE-BLEMGR.3.0.0
2024-03-28 18:26:23,012 [WARN] PackLoader:240 - Cannot read IP mode file for STMicroelectronics.FP-ATR-SIGFOX1.3.2.0
2024-03-28 18:26:23,029 [WARN] PackLoader:240 - Cannot read IP mode file for STMicroelectronics.X-CUBE-EEPRMA1.5.1.0
2024-03-28 18:26:23,067 [WARN] PackLoader:240 - Cannot read IP mode file for SEGGER.I-CUBE-embOS.1.3.1
2024-03-28 18:26:23,106 [WARN] PackLoader:240 - Cannot read IP mode file for STMicroelectronics.X-CUBE-GNSS1.6.0.0
2024-03-28 18:26:23,130 [WARN] PackLoader:240 - Cannot read IP mode file for STMicroelectronics.X-CUBE-AZRTOS-F4.1.1.0
2024-03-28 18:26:23,142 [WARN] PackLoader:240 - Cannot read IP mode file for wolfSSL.I-CUBE-wolfSSL.5.6.3
2024-03-28 18:26:23,152 [WARN] PackLoader:240 - Cannot read IP mode file for wolfSSL.I-CUBE-wolfSSL.5.6.6
2024-03-28 18:26:23,175 [WARN] PackLoader:240 - Cannot read IP mode file for STMicroelectronics.X-CUBE-AZRTOS-L5.2.0.0
2024-03-28 18:26:23,216 [WARN] PackLoader:240 - Cannot read IP mode file for STMicroelectronics.X-CUBE-MEMS1.9.6.0
2024-03-28 18:26:23,347 [WARN] PackLoader:240 - Cannot read IP mode file for STMicroelectronics.X-CUBE-EEPRMA1.4.2.0
2024-03-28 18:26:23,361 [WARN] PackLoader:240 - Cannot read IP mode file for STMicroelectronics.X-CUBE-NFC6.3.1.0
2024-03-28 18:26:23,374 [WARN] PackLoader:240 - Cannot read IP mode file for ITTIA_DB.I-CUBE-ITTIADB.8.8.0
2024-03-28 18:26:23,423 [WARN] PackLoader:240 - Cannot read IP mode file for STMicroelectronics.X-CUBE-BLEMGR.2.0.0
2024-03-28 18:26:23,447 [WARN] ConditionMgr:438 - getConditionDescription Invalid condition id : UX DEVICE CLASS RTOS Condition cause : null
2024-03-28 18:26:23,447 [WARN] ConditionMgr:438 - getConditionDescription Invalid condition id : UX DEVICE CLASS RTOS Condition cause : null
2024-03-28 18:26:23,449 [WARN] PackLoader:240 - Cannot read IP mode file for STMicroelectronics.X-CUBE-AZRTOS-H7.3.1.0
2024-03-28 18:26:23,450 [WARN] ConditionMgr:1039 - genDependencies : Invalid condition id : UX DEVICE CLASS RTOS Condition cause : null
2024-03-28 18:26:23,450 [WARN] ConditionMgr:1039 - genDependencies : Invalid condition id : UX DEVICE CLASS RTOS Condition cause : null
2024-03-28 18:26:23,451 [WARN] ConditionMgr:1039 - genDependencies : Invalid condition id : UX DEVICE CLASS RTOS Condition cause : null
2024-03-28 18:26:23,451 [WARN] ConditionMgr:1039 - genDependencies : Invalid condition id : UX DEVICE CLASS RTOS Condition cause : null
2024-03-28 18:26:23,451 [WARN] ConditionMgr:1039 - genDependencies : Invalid condition id : UX DEVICE CLASS RTOS Condition cause : null
2024-03-28 18:26:23,464 [WARN] PackLoader:240 - Cannot read IP mode file for STMicroelectronics.X-CUBE-NFC7.1.0.1
2024-03-28 18:26:23,478 [WARN] PackLoader:240 - Cannot read IP mode file for STMicroelectronics.X-CUBE-NFC6.3.0.0
2024-03-28 18:26:23,489 [WARN] PackLoader:240 - Cannot read IP mode file for STMicroelectronics.X-CUBE-EEPRMA1.4.1.0
2024-03-28 18:26:23,503 [WARN] PackLoader:240 - Cannot read IP mode file for STMicroelectronics.X-CUBE-AI.8.1.0
2024-03-28 18:26:23,527 [WARN] ConditionMgr:438 - getConditionDescription Invalid condition id : LAN8742 Phy interface Condition cause : null
2024-03-28 18:26:23,528 [WARN] PackLoader:240 - Cannot read IP mode file for STMicroelectronics.X-CUBE-AZRTOS-L4.2.0.0
2024-03-28 18:26:23,529 [WARN] ConditionMgr:1039 - genDependencies : Invalid condition id : LAN8742 Phy interface Condition cause : null
2024-03-28 18:26:23,529 [WARN] ConditionMgr:1039 - genDependencies : Invalid condition id : LAN8742 Phy interface Condition cause : null
2024-03-28 18:26:23,529 [WARN] ConditionMgr:1039 - genDependencies : Invalid condition id : LAN8742 Phy interface Condition cause : null
2024-03-28 18:26:23,583 [WARN] PackLoader:240 - Cannot read IP mode file for STMicroelectronics.X-CUBE-SFXS2LP1.4.0.0
2024-03-28 18:26:23,594 [WARN] PackLoader:240 - Cannot read IP mode file for STMicroelectronics.X-CUBE-ISPU.1.1.0
2024-03-28 18:26:23,615 [WARN] ConditionMgr:438 - getConditionDescription Invalid condition id : UX DEVICE CLASS RTOS Condition cause : null
2024-03-28 18:26:23,615 [WARN] ConditionMgr:438 - getConditionDescription Invalid condition id : UX DEVICE CLASS RTOS Condition cause : null
2024-03-28 18:26:23,617 [WARN] PackLoader:240 - Cannot read IP mode file for STMicroelectronics.X-CUBE-AZRTOS-WB.2.0.0
2024-03-28 18:26:23,617 [WARN] ConditionMgr:1039 - genDependencies : Invalid condition id : UX DEVICE CLASS RTOS Condition cause : null
2024-03-28 18:26:23,617 [WARN] ConditionMgr:1039 - genDependencies : Invalid condition id : UX DEVICE CLASS RTOS Condition cause : null
2024-03-28 18:26:23,617 [WARN] ConditionMgr:1039 - genDependencies : Invalid condition id : UX DEVICE CLASS RTOS Condition cause : null
2024-03-28 18:26:23,618 [WARN] ConditionMgr:1039 - genDependencies : Invalid condition id : UX DEVICE CLASS RTOS Condition cause : null
2024-03-28 18:26:23,618 [WARN] ConditionMgr:1039 - genDependencies : Invalid condition id : UX DEVICE CLASS RTOS Condition cause : null
2024-03-28 18:26:23,634 [WARN] PackLoader:240 - Cannot read IP mode file for STMicroelectronics.X-CUBE-SUBG2.5.0.0
2024-03-28 18:26:23,655 [WARN] PackLoader:240 - Cannot read IP mode file for STMicroelectronics.X-CUBE-TOF1.3.3.1
2024-03-28 18:26:23,679 [WARN] PackLoader:240 - Cannot read IP mode file for STMicroelectronics.X-CUBE-AZRTOS-G4.2.0.0
2024-03-28 18:26:23,699 [WARN] PackLoader:240 - Cannot read IP mode file for Infineon.AIROC-Wi-Fi-Bluetooth-STM32.1.5.1
2024-03-28 18:26:23,712 [WARN] PackLoader:240 - Cannot read IP mode file for STMicroelectronics.FP-SNS-MOTENVWB1.1.3.0
2024-03-28 18:26:23,722 [WARN] PackLoader:240 - Cannot read IP mode file for STMicroelectronics.FP-SNS-MOTENVWB1.1.3.1
2024-03-28 18:26:23,733 [WARN] PackLoader:240 - Cannot read IP mode file for STMicroelectronics.X-CUBE-ISPU.2.0.0
2024-03-28 18:26:23,768 [WARN] PackLoader:240 - Cannot read IP mode file for STMicroelectronics.X-CUBE-MEMS1.10.0.0
2024-03-28 18:26:23,855 [WARN] PackLoader:240 - Cannot read IP mode file for STMicroelectronics.X-CUBE-FREERTOS.1.1.0
2024-03-28 18:26:23,869 [WARN] PackLoader:240 - Cannot read IP mode file for portGmbH.I-Cube-SoM-uGOAL.1.1.0
2024-03-28 18:26:23,883 [WARN] PackLoader:240 - Cannot read IP mode file for STMicroelectronics.X-CUBE-ALS.1.0.1
2024-03-28 18:26:23,897 [WARN] PackLoader:240 - Cannot read IP mode file for STMicroelectronics.FP-ATR-ASTRA1.2.0.0
2024-03-28 18:26:23,915 [WARN] PackLoader:240 - Cannot read IP mode file for STMicroelectronics.X-CUBE-TOF1.3.4.0
2024-03-28 18:26:23,943 [WARN] PackLoader:240 - Cannot read IP mode file for STMicroelectronics.X-CUBE-TOF1.3.4.1
2024-03-28 18:26:23,979 [WARN] PackLoader:240 - Cannot read IP mode file for STMicroelectronics.X-CUBE-AZRTOS-H7.3.2.0
2024-03-28 18:26:23,981 [INFO] ThirdParty:978 - Integrity check success = true
2024-03-28 18:26:23,982 [INFO] IntegrityCheckThread:100 - exiting critical section [integrity check]
2024-03-28 18:26:23,982 [INFO] IntegrityCheckThread:103 - End integrity checks thread
2024-03-28 18:26:42,283 [ERROR] LogOutputStream:75 - [STDERR_REDIRECT] SLF4J: Failed to load class "org.slf4j.impl.StaticLoggerBinder".
2024-03-28 18:26:42,284 [ERROR] LogOutputStream:75 - [STDERR_REDIRECT] SLF4J: Defaulting to no-operation (NOP) logger implementation
2024-03-28 18:26:42,285 [ERROR] LogOutputStream:75 - [STDERR_REDIRECT] SLF4J: See http://www.slf4j.org/codes.html#StaticLoggerBinder for further details.
